code-creation,Stub,0x17b75f524040,329,"JSEntryStub"
code-creation,Stub,0x17b75f5241a0,329,"JSConstructEntryStub"
code-creation,Stub,0x17b75f524300,745,"CEntryStub"
code-creation,Builtin,0x17b75f524600,83,"Illegal"
code-creation,Builtin,0x17b75f524660,83,"EmptyFunction"
code-creation,Builtin,0x17b75f5246c0,83,"ArrayCodeGeneric"
code-creation,Builtin,0x17b75f524720,83,"ArrayPush"
code-creation,Builtin,0x17b75f524780,83,"ArrayPop"
code-creation,Builtin,0x17b75f5247e0,83,"ArrayShift"
code-creation,Builtin,0x17b75f524840,83,"ArrayUnshift"
code-creation,Builtin,0x17b75f5248a0,83,"ArraySlice"
code-creation,Builtin,0x17b75f524900,83,"ArraySplice"
code-creation,Builtin,0x17b75f524960,83,"ArrayConcat"
code-creation,Builtin,0x17b75f5249c0,88,"HandleApiCall"
code-creation,Builtin,0x17b75f524a20,83,"FastHandleApiCall"
code-creation,Builtin,0x17b75f524a80,88,"HandleApiCallConstruct"
code-creation,Builtin,0x17b75f524ae0,83,"HandleApiCallAsFunction"
code-creation,Builtin,0x17b75f524b40,83,"HandleApiCallAsConstructor"
code-creation,Builtin,0x17b75f524ba0,83,"StrictModePoisonPill"
code-creation,Builtin,0x17b75f524c00,228,"ArgumentsAdaptorTrampoline"
code-creation,Builtin,0x17b75f524d00,130,"JSConstructCall"
code-creation,Builtin,0x17b75f524da0,586,"JSConstructStubCountdown"
code-creation,Builtin,0x17b75f525000,545,"JSConstructStubGeneric"
code-creation,Builtin,0x17b75f525240,522,"JSConstructStubApi"
code-creation,Builtin,0x17b75f525460,174,"JSEntryTrampoline"
code-creation,Builtin,0x17b75f525520,145,"JSConstructEntryTrampoline"
code-creation,Builtin,0x17b75f5255c0,128,"LazyCompile"
code-creation,Builtin,0x17b75f525640,128,"LazyRecompile"
code-creation,Builtin,0x17b75f5256c0,189,"NotifyDeoptimized"
code-creation,Builtin,0x17b75f525780,189,"NotifyLazyDeoptimized"
code-creation,Builtin,0x17b75f525840,157,"NotifyOSR"
code-creation,Builtin,0x17b75f5258e0,88,"LoadIC_Miss"
code-creation,Builtin,0x17b75f525940,88,"KeyedLoadIC_Miss"
code-creation,Builtin,0x17b75f5259a0,88,"KeyedLoadIC_MissForceGeneric"
code-creation,Builtin,0x17b75f525a00,88,"KeyedLoadIC_Slow"
code-creation,Builtin,0x17b75f525a60,89,"StoreIC_Miss"
code-creation,Builtin,0x17b75f525ac0,89,"KeyedStoreIC_Miss"
code-creation,Builtin,0x17b75f525b20,89,"KeyedStoreIC_MissForceGeneric"
code-creation,Builtin,0x17b75f525b80,89,"KeyedStoreIC_Slow"
code-creation,Builtin,0x17b75f525be0,88,"LoadIC_Initialize"
code-creation,Builtin,0x17b75f525c40,88,"LoadIC_PreMonomorphic"
code-creation,Stub,0x17b75f526040,940,"StringDictionaryNegativeLookupStub"
code-creation,Builtin,0x17b75f526400,321,"LoadIC_Normal"
code-creation,Builtin,0x17b75f526560,96,"LoadIC_ArrayLength"
code-creation,Builtin,0x17b75f5265c0,99,"LoadIC_StringLength"
code-creation,Builtin,0x17b75f526640,146,"LoadIC_StringWrapperLength"
code-creation,Builtin,0x17b75f5266e0,136,"LoadIC_FunctionPrototype"
code-creation,Builtin,0x17b75f526780,242,"LoadIC_Megamorphic"
code-creation,Builtin,0x17b75f526880,88,"KeyedLoadIC_Initialize"
code-creation,Builtin,0x17b75f5268e0,88,"KeyedLoadIC_PreMonomorphic"
code-creation,Stub,0x17b75f526940,940,"StringDictionaryNegativeLookupStub"
code-creation,Builtin,0x17b75f526d00,775,"KeyedLoadIC_Generic"
code-creation,Builtin,0x17b75f527020,689,"KeyedLoadIC_String"
code-creation,Builtin,0x17b75f5272e0,156,"KeyedLoadIC_IndexedInterceptor"
code-creation,Builtin,0x17b75f527380,275,"KeyedLoadIC_NonStrictArguments"
code-creation,Builtin,0x17b75f5274a0,89,"StoreIC_Initialize"
code-creation,Builtin,0x17b75f527500,162,"StoreIC_ArrayLength"
code-creation,Stub,0x17b75f5275c0,959,"StringDictionaryNegativeLookupStub"
code-creation,Builtin,0x17b75f527980,408,"StoreIC_Normal"
code-creation,Builtin,0x17b75f527b20,263,"StoreIC_Megamorphic"
code-creation,Builtin,0x17b75f527c40,93,"StoreIC_GlobalProxy"
code-creation,Builtin,0x17b75f527ca0,89,"StoreIC_Initialize_Strict"
code-creation,Builtin,0x17b75f527d00,162,"StoreIC_ArrayLength_Strict"
code-creation,Builtin,0x17b75f527dc0,408,"StoreIC_Normal_Strict"
code-creation,Builtin,0x17b75f528040,263,"StoreIC_Megamorphic_Strict"
code-creation,Builtin,0x17b75f528160,93,"StoreIC_GlobalProxy_Strict"
code-creation,Builtin,0x17b75f5281c0,89,"KeyedStoreIC_Initialize"
code-creation,Builtin,0x17b75f528220,306,"KeyedStoreIC_Generic"
code-creation,Builtin,0x17b75f528360,89,"KeyedStoreIC_Initialize_Strict"
code-creation,Builtin,0x17b75f5283c0,306,"KeyedStoreIC_Generic_Strict"
code-creation,Builtin,0x17b75f528500,401,"KeyedStoreIC_NonStrictArguments"
code-creation,Builtin,0x17b75f5286a0,451,"FunctionCall"
code-creation,Builtin,0x17b75f528880,460,"FunctionApply"
code-creation,Builtin,0x17b75f528a60,789,"ArrayCode"
code-creation,Builtin,0x17b75f528d80,774,"ArrayConstructCode"
code-creation,Builtin,0x17b75f5290a0,545,"StringConstructCode"
code-creation,Stub,0x17b75f5292e0,81,"StackCheckStub"
code-creation,Builtin,0x17b75f529340,938,"OnStackReplacement"
code-creation,Builtin,0x17b75f529700,133,"Return_DebugBreak"
code-creation,Builtin,0x17b75f5297a0,165,"ConstructCall_DebugBreak"
code-creation,Builtin,0x17b75f529860,127,"StubNoRegisters_DebugBreak"
code-creation,Builtin,0x17b75f5298e0,131,"LoadIC_DebugBreak"
code-creation,Builtin,0x17b75f529980,131,"KeyedLoadIC_DebugBreak"
code-creation,Builtin,0x17b75f529a20,133,"StoreIC_DebugBreak"
code-creation,Builtin,0x17b75f529ac0,133,"KeyedStoreIC_DebugBreak"
code-creation,Builtin,0x17b75f529b60,131,"Slot_DebugBreak"
code-creation,Builtin,0x17b75f529c00,65,"PlainReturn_LiveEdit"
code-creation,Builtin,0x17b75f529c60,105,"FrameDropper_LiveEdit"
code-creation,Script,0x17b75f529ce0,732,"native runtime.js",0x3f32699c26b8,
code-creation,CallInitialize,0x17b75f52a040,212,"args_count: 1"
code-creation,CallInitialize,0x17b75f52a120,212,"args_count: 2"
code-creation,LazyCompile,0x17b75f52a200,1700,"EQUALS native runtime.js:54",0x3f32699c0bf8,
code-creation,LazyCompile,0x17b75f52a8c0,344,"STRICT_EQUALS native runtime.js:100",0x3f32699c0c88,
code-creation,Stub,0x17b75f52aa20,241,"StringCompareStub"
code-creation,Stub,0x17b75f52ab20,145,"CompareICStub"
code-creation,LazyCompile,0x17b75f52abc0,964,"COMPARE native runtime.js:120",0x3f32699c0d18,
code-creation,Stub,0x17b75f52afa0,1375,"StringAddStub"
code-creation,LazyCompile,0x17b75f52b500,616,"ADD native runtime.js:163",0x3f32699c0da8,
code-creation,LazyCompile,0x17b75f52b780,276,"SUB native runtime.js:214",0x3f32699c0f58,
code-creation,LazyCompile,0x17b75f52b8a0,276,"MUL native runtime.js:222",0x3f32699c0fe8,
code-creation,LazyCompile,0x17b75f52b9c0,276,"DIV native runtime.js:230",0x3f32699c1078,
code-creation,LazyCompile,0x17b75f52bae0,276,"MOD native runtime.js:238",0x3f32699c1108,
code-creation,LazyCompile,0x17b75f52bc00,276,"BIT_OR native runtime.js:252",0x3f32699c1198,
code-creation,LazyCompile,0x17b75f52bd20,384,"BIT_AND native runtime.js:260",0x3f32699c1228,
code-creation,LazyCompile,0x17b75f52bea0,276,"BIT_XOR native runtime.js:282",0x3f32699c12b8,
code-creation,LazyCompile,0x17b75f52c040,216,"UNARY_MINUS native runtime.js:290",0x3f32699c1348,
code-creation,LazyCompile,0x17b75f52c120,216,"BIT_NOT native runtime.js:297",0x3f32699c13d8,
code-creation,LazyCompile,0x17b75f52c200,276,"SHL native runtime.js:304",0x3f32699c1468,
code-creation,LazyCompile,0x17b75f52c320,384,"SAR native runtime.js:312",0x3f32699c14f8,
code-creation,LazyCompile,0x17b75f52c4a0,276,"SHR native runtime.js:334",0x3f32699c1588,
code-creation,LazyCompile,0x17b75f52c5c0,204,"DELETE native runtime.js:348",0x3f32699c1618,
code-creation,Stub,0x17b75f52c6a0,236,"FastCloneShallowArrayStub"
code-creation,Stub,0x17b75f52c7a0,90,"ToBooleanStub_None"
code-creation,LazyCompile,0x17b75f52c800,528,"IN native runtime.js:354",0x3f32699c16a8,
code-creation,Stub,0x17b75f52ca20,145,"CompareICStub"
code-creation,Stub,0x17b75f52cac0,228,"FastCloneShallowArrayStub"
code-creation,LazyCompile,0x17b75f52cbc0,732,"INSTANCE_OF native runtime.js:367",0x3f32699c1738,
code-creation,LazyCompile,0x17b75f52cea0,144,"GET_KEYS native runtime.js:391",0x3f32699c17c8,
code-creation,LazyCompile,0x17b75f52cf40,204,"FILTER_KEY native runtime.js:399",0x3f32699c1858,
code-creation,Stub,0x17b75f52d020,131,"ArgumentsAccessStub_NewNonStrictSlow"
code-creation,LazyCompile,0x17b75f52d0c0,432,"CALL_NON_FUNCTION native runtime.js:406",0x3f32699c18e8,
code-creation,LazyCompile,0x17b75f52d280,432,"CALL_NON_FUNCTION_AS_CONSTRUCTOR native runtime.js:415",0x3f32699c1978,
code-creation,Stub,0x17b75f52d440,114,"BinaryOpStub_SUB_Alloc_Uninitialized"
code-creation,Stub,0x17b75f52d4c0,185,"ArgumentsAccessStub_ReadElement"
code-creation,LazyCompile,0x17b75f52d580,260,"CALL_FUNCTION_PROXY native runtime.js:424",0x3f32699c1a08,
code-creation,Stub,0x17b75f52d6a0,196,"FastNewContextStub"
code-creation,CallInitialize,0x17b75f52d780,214,"args_count: 2"
code-creation,LazyCompile,0x17b75f52d860,708,"CALL_FUNCTION_PROXY_AS_CONSTRUCTOR native runtime.js:432",0x3f32699c1a98,
code-creation,LazyCompile,0x17b75f52db40,148,"TO_OBJECT native runtime.js:492",0x3f32699c1c48,
code-creation,LazyCompile,0x17b75f52dbe0,148,"TO_NUMBER native runtime.js:498",0x3f32699c1cd8,
code-creation,LazyCompile,0x17b75f52dc80,148,"TO_STRING native runtime.js:504",0x3f32699c1d68,
code-creation,Stub,0x17b75f52dd20,228,"NumberToStringStub"
code-creation,LazyCompile,0x17b75f52e040,604,"STRING_ADD_LEFT native runtime.js:183",0x3f32699c0e38,
code-creation,LazyCompile,0x17b75f52e2a0,616,"STRING_ADD_RIGHT native runtime.js:198",0x3f32699c0ec8,
code-creation,Stub,0x17b75f52e520,145,"CompareICStub"
code-creation,Stub,0x17b75f52e5c0,145,"CompareICStub"
code-creation,Stub,0x17b75f52e660,145,"CompareICStub"
code-creation,Stub,0x17b75f52e700,200,"FastCloneShallowArrayStub"
code-creation,LazyCompile,0x17b75f52e7e0,1312,"APPLY_PREPARE native runtime.js:449",0x3f32699c1b28,
code-creation,LazyCompile,0x17b75f52ed00,204,"APPLY_OVERFLOW native runtime.js:486",0x3f32699c1bb8,
code-creation,CallInitialize,0x17b75f52ede0,211,"args_count: 0"
code-creation,CallInitialize,0x17b75f52eec0,214,"args_count: 12"
code-creation,CallInitialize,0x17b75f52efa0,223,"args_count: 38"
code-creation,CallInitialize,0x17b75f52f080,214,"args_count: 3"
code-creation,Script,0x17b75f52f160,2488,"native v8natives.js",0x3f32699c7dc8,
code-creation,CallPreMonomorphic,0x17b75f52fb20,211,"args_count: 0"
code-creation,CallInitialize,0x17b75f52fc00,214,"args_count: 10"
code-creation,LazyCompile,0x17b75f52fce0,592,"SetUpGlobal native v8natives.js:193",0x3f32699c4ea0,
code-creation,CallPreMonomorphic,0x17b75f530040,214,"args_count: 10"
code-creation,CallPreMonomorphic,0x17b75f530120,214,"args_count: 3"
code-creation,Stub,0x17b75f530200,114,"BinaryOpStub_SAR_Alloc_Uninitialized"
code-creation,Stub,0x17b75f530280,114,"BinaryOpStub_ADD_Alloc_Uninitialized"
code-creation,LazyCompile,0x17b75f530300,556,"InstallFunctions native v8natives.js:48",0x3f32699c4a20,
code-creation,Stub,0x17b75f530540,176,"CompareICStub"
code-creation,Stub,0x17b75f530600,270,"BinaryOpStub_SAR_Alloc_SMI"
code-creation,Stub,0x17b75f530720,176,"CompareICStub"
code-creation,Stub,0x17b75f5307e0,117,"KeyedLoadElementStub"
code-creation,KeyedLoadIC,0x17b75f530860,98,""
code-creation,KeyedLoadIC,0x17b75f530860,98,"args_count: 0"
code-creation,Stub,0x17b75f5308e0,270,"BinaryOpStub_ADD_Alloc_SMI"
code-creation,CallInitialize,0x17b75f530a00,214,"args_count: 1"
code-creation,LazyCompile,0x17b75f530ae0,316,"$Object.constructor native v8natives.js:220",0x3f32699c7120,
code-creation,LazyCompile,0x17b75f530ae0,316,"$Object.constructor native v8natives.js:220",0x3f32699c7120,
code-creation,CallPreMonomorphic,0x17b75f530c20,214,"args_count: 1"
code-creation,LazyCompile,0x17b75f530d00,440,"ToBoolean native runtime.js:527",0x3f32699c1e88,
code-creation,StoreIC,0x17b75f530ec0,173,"constructor"
code-creation,StoreIC,0x17b75f530ec0,173,"constructor"
code-creation,CallPreMonomorphic,0x17b75f530f80,214,"args_count: 12"
code-creation,CallPreMonomorphic,0x17b75f531060,223,"args_count: 38"
code-creation,Stub,0x17b75f531140,114,"BinaryOpStub_ADD_OverwriteLeft_Uninitialized"
code-creation,Stub,0x17b75f5311c0,107,"ToNumberStub"
code-creation,LazyCompile,0x17b75f531240,836,"SetUpLockedPrototype native v8natives.js:79",0x3f32699c4b40,
code-creation,Stub,0x17b75f5315a0,133,"ToBooleanStub_SpecObject"
code-creation,Stub,0x17b75f531640,270,"BinaryOpStub_ADD_OverwriteLeft_SMI"
code-creation,LazyCompile,0x17b75f531760,372,"a native v8natives.js:1171",0x3f32699c7c60,
code-creation,LazyCompile,0x17b75f531760,372,"a native v8natives.js:1171",0x3f32699c7c60,
code-creation,CallInitialize,0x17b75f5318e0,223,"args_count: 20"
code-creation,CallInitialize,0x17b75f5319c0,223,"args_count: 26"
code-creation,LazyCompile,0x17b75f531aa0,1028,"SetUpObject native v8natives.js:1186",0x3f32699c6820,
code-creation,CallPreMonomorphic,0x17b75f531ec0,223,"args_count: 20"
code-creation,CallPreMonomorphic,0x17b75f532040,223,"args_count: 26"
code-creation,CallInitialize,0x17b75f532120,214,"args_count: 4"
code-creation,LazyCompile,0x17b75f532200,284,"SetUpBoolean native v8natives.js:1249",0x3f32699c69d0,
code-creation,CallPreMonomorphic,0x17b75f532320,214,"args_count: 4"
code-creation,LazyCompile,0x17b75f532400,356,"b native v8natives.js:1264",0x3f32699c7cf0,
code-creation,LazyCompile,0x17b75f532400,356,"b native v8natives.js:1264",0x3f32699c7cf0,
code-creation,Stub,0x17b75f532580,159,"CompareICStub"
code-creation,LazyCompile,0x17b75f532620,456,"ToNumber native runtime.js:537",0x3f32699c1f18,
code-creation,LazyCompile,0x17b75f532800,1044,"SetUpNumber native v8natives.js:1372",0x3f32699c6dc0,
code-creation,Stub,0x17b75f532c20,212,"CallFunctionStub_Args0"
code-creation,LazyCompile,0x17b75f532d00,904,"NewFunction native v8natives.js:1527",0x3f32699c7000,
code-creation,LazyCompile,0x17b75f532d00,904,"NewFunction native v8natives.js:1527",0x3f32699c7000,
code-creation,LazyCompile,0x17b75f5330a0,284,"SetUpFunction native v8natives.js:1553",0x3f32699c7090,
code-creation,Script,0x17b75f5331c0,260,"native array.js",0x3f32699cb438,
code-creation,Function,0x17b75f5332e0,260,"getFunction native array.js:1330",0x3f32699cc2a8,
code-creation,Stub,0x17b75f533400,221,"FastNewClosureStub"
code-creation,Stub,0x17b75f5334e0,218,"CallFunctionStub_Args2"
code-creation,Stub,0x17b75f5335c0,218,"CallFunctionStub_Args3"
code-creation,CallInitialize,0x17b75f5336a0,223,"args_count: 42"
code-creation,CallInitialize,0x17b75f533780,214,"args_count: 6"
code-creation,LazyCompile,0x17b75f534040,2376,"SetUpArray native array.js:1317",0x3f32699cb360,
code-creation,CallPreMonomorphic,0x17b75f5349a0,214,"args_count: 2"
code-creation,CallPreMonomorphic,0x17b75f534a80,212,"args_count: 1"
code-creation,LazyCompile,0x17b75f534b60,472,"hasOwnProperty native v8natives.js:264",0x3f32699c50e0,
code-creation,Stub,0x17b75f534d40,119,"ToBooleanStub_Bool"
code-creation,CallMiss,0x17b75f534dc0,212,"args_count: 1"
code-creation,CallIC,0x17b75f534ea0,154,"hasOwnProperty"
code-creation,KeyedLoadIC,0x17b75f534f40,128,"push"
code-creation,KeyedLoadIC,0x17b75f534f40,128,"push"
code-creation,KeyedLoadIC,0x17b75f534fc0,128,"concat"
code-creation,KeyedLoadIC,0x17b75f534fc0,128,"concat"
code-creation,CallPreMonomorphic,0x17b75f535040,223,"args_count: 42"
code-creation,LazyCompile,0x17b75f535120,232,"InstallFunctionsOnHiddenPrototype native v8natives.js:67",0x3f32699c4ab0,
code-creation,CallPreMonomorphic,0x17b75f535220,214,"args_count: 6"
code-creation,Stub,0x17b75f535300,200,"FastCloneShallowArrayStub"
code-creation,Script,0x17b75f5353e0,904,"native string.js",0x3f32699cece8,
code-creation,LazyCompile,0x17b75f535780,408,"b native string.js:36",0x3f32699cea60,
code-creation,LazyCompile,0x17b75f535780,408,"b native string.js:36",0x3f32699cea60,
code-creation,CallInitialize,0x17b75f535920,223,"args_count: 70"
code-creation,LazyCompile,0x17b75f535a00,1536,"SetUpString native string.js:943",0x3f32699ce9d0,
code-creation,CallPreMonomorphic,0x17b75f536040,223,"args_count: 70"
code-creation,LoadIC,0x17b75f536120,107,"$Object"
code-creation,LoadIC,0x17b75f536120,107,"$Object"
code-creation,CallMiss,0x17b75f5361a0,214,"args_count: 3"
code-creation,CallIC,0x17b75f536280,148,"InstallFunctions"
code-creation,Script,0x17b75f536320,268,"native uri.js",0x3f32699d0c98,
code-creation,LazyCompile,0x17b75f536440,396,"SetUpUri native uri.js:395",0x3f32699d0bc0,
code-creation,Script,0x17b75f5365e0,616,"native math.js",0x3f32699d2118,
code-creation,LazyCompile,0x17b75f536860,116,"MathConstructor native math.js:38",0x3f32699d1548,
code-creation,CallInitialize,0x17b75f5368e0,223,"args_count: 36"
code-creation,LazyCompile,0x17b75f5369c0,1480,"SetUpMath native math.js:198",0x3f32699d2040,
code-creation,CallPreMonomorphic,0x17b75f536fa0,223,"args_count: 36"
code-creation,CallInitialize,0x17b75f537080,214,"args_count: 5"
code-creation,CallInitialize,0x17b75f537160,214,"args_count: 14"
code-creation,CallInitialize,0x17b75f537240,223,"args_count: 30"
code-creation,Script,0x17b75f537320,2520,"native messages.js",0x3f32699d6e08,
code-creation,LazyCompile,0x17b75f537d00,184,"b native messages.js:124",0x3f32699d6d30,
code-creation,LazyCompile,0x17b75f537d00,184,"b native messages.js:124",0x3f32699d6d30,
code-creation,CallPreMonomorphic,0x17b75f537dc0,214,"args_count: 5"
code-creation,CallPreMonomorphic,0x17b75f537ea0,214,"args_count: 14"
code-creation,CallPreMonomorphic,0x17b75f538040,223,"args_count: 30"
code-creation,Stub,0x17b75f538120,218,"CallFunctionStub_Args1"
code-creation,LazyCompile,0x17b75f538200,428,"SetUpError native messages.js:1069",0x3f32699d6b80,
code-creation,Function,0x17b75f5383c0,116,"ErrorPrototype native messages.js:1088",0x3f32699d87e8,
code-creation,Function,0x17b75f538440,204," native messages.js:1115",0x3f32699d88c0,
code-creation,Function,0x17b75f538520,560," native messages.js:1104",0x3f32699d8998,
code-creation,LazyCompile,0x17b75f538760,836,"DefineError native messages.js:1072",0x3f32699d82e0,
code-creation,Stub,0x17b75f538ac0,1336,"StringAddStub"
code-creation,Stub,0x17b75f539000,172,"BinaryOpStub_ADD_Alloc_BothStrings"
code-creation,Stub,0x17b75f5390c0,186,"CompareICStub"
code-creation,LazyCompile,0x17b75f538520,560," native messages.js:1104",0x3f32699d8998,
code-creation,LoadIC,0x17b75f539180,107,"global"
code-creation,LoadIC,0x17b75f539180,107,"global"
code-creation,LoadIC,0x17b75f539200,107,"builtins"
code-creation,LoadIC,0x17b75f539200,107,"builtins"
code-creation,Stub,0x17b75f539280,534,"CompareStub_EQ_STRICT"
code-creation,Function,0x17b75f5394a0,152," native messages.js:1063",0x3f32699d8ad8,
code-creation,LazyCompile,0x17b75f539540,496,"captureStackTrace native messages.js:1054",0x3f32699d6af0,
code-creation,Stub,0x17b75f539740,106,"ToBooleanStub_Undefined"
code-creation,LazyCompile,0x17b75f538520,560," native messages.js:1104",0x3f32699d8998,
code-creation,LoadIC,0x17b75f5397c0,107,"$Error"
code-creation,LoadIC,0x17b75f5397c0,107,"$Error"
code-creation,LoadIC,0x17b75f539840,107,"kAddMessageAccessorsMarker"
code-creation,LoadIC,0x17b75f539840,107,"kAddMessageAccessorsMarker"
code-creation,CallMiss,0x17b75f5398c0,214,"args_count: 2"
code-creation,CallIC,0x17b75f5399a0,148,"captureStackTrace"
code-creation,LoadIC,0x17b75f539a40,162,""
code-creation,LoadIC,0x17b75f539a40,162,""
code-creation,LazyCompile,0x17b75f538520,560," native messages.js:1104",0x3f32699d8998,
code-creation,LazyCompile,0x17b75f538520,560," native messages.js:1104",0x3f32699d8998,
code-creation,LazyCompile,0x17b75f538520,560," native messages.js:1104",0x3f32699d8998,
code-creation,LazyCompile,0x17b75f538520,560," native messages.js:1104",0x3f32699d8998,
code-creation,LazyCompile,0x17b75f538520,560," native messages.js:1104",0x3f32699d8998,
code-creation,LazyCompile,0x17b75f539b00,168,"MakeRangeError native messages.js:297",0x3f32699d53b8,
code-creation,LazyCompile,0x17b75f539bc0,280,"MakeGenericError native messages.js:107",0x3f32699d50e8,
code-creation,Stub,0x17b75f539ce0,211,"FastNewContextStub"
code-creation,Function,0x17b75f539dc0,352,"getter native messages.js:733",0x3f32699d8d28,
code-creation,Function,0x17b75f53a040,276,"setter native messages.js:741",0x3f32699d8e00,
code-creation,LazyCompile,0x17b75f53a160,576,"DefineOneShotAccessor native messages.js:727",0x3f32699d5e68,
code-creation,StoreIC,0x17b75f53a3a0,169,"get"
code-creation,StoreIC,0x17b75f53a3a0,169,"get"
code-creation,StoreIC,0x17b75f53a460,169,"set"
code-creation,StoreIC,0x17b75f53a460,169,"set"
code-creation,LazyCompile,0x17b75f53a520,1836,"ToPropertyDescriptor native v8natives.js:432",0x3f32699c58c0,
code-creation,LazyCompile,0x17b75f53ac60,448,"PropertyDescriptor native v8natives.js:494",0x3f32699c59e0,
code-creation,LazyCompile,0x17b75f53ae20,408,"ToString native runtime.js:560",0x3f32699c20d0,
code-creation,LazyCompile,0x17b75f53afc0,168,"$Array.writable_ native v8natives.js:538",0x3f32699c73f0,
code-creation,StoreIC,0x17b75f53b080,169,"enumerable_"
code-creation,StoreIC,0x17b75f53b080,169,"enumerable_"
code-creation,StoreIC,0x17b75f53b140,169,"hasEnumerable_"
code-creation,StoreIC,0x17b75f53b140,169,"hasEnumerable_"
code-creation,CallIC,0x17b75f53b200,147,"ToString"
code-creation,LazyCompile,0x17b75f53b2a0,168,"$Array.get_ native v8natives.js:558",0x3f32699c7750,
code-creation,StoreIC,0x17b75f53b360,169,"configurable_"
code-creation,StoreIC,0x17b75f53b360,169,"configurable_"
code-creation,StoreIC,0x17b75f53b420,169,"hasConfigurable_"
code-creation,StoreIC,0x17b75f53b420,169,"hasConfigurable_"
code-creation,Stub,0x17b75f53b4e0,186,"CompareICStub"
code-creation,LazyCompile,0x17b75f53b5a0,168,"$Array.set_ native v8natives.js:568",0x3f32699c7900,
code-creation,StoreIC,0x17b75f53b660,169,"get_"
code-creation,StoreIC,0x17b75f53b660,169,"get_"
code-creation,StoreIC,0x17b75f53b720,169,"hasGetter_"
code-creation,StoreIC,0x17b75f53b720,169,"hasGetter_"
code-creation,LazyCompile,0x17b75f53b7e0,168,"d native v8natives.js:578",0x3f32699c7ab0,
code-creation,StoreIC,0x17b75f53b8a0,169,"set_"
code-creation,StoreIC,0x17b75f53b8a0,169,"set_"
code-creation,StoreIC,0x17b75f53b960,169,"hasSetter_"
code-creation,StoreIC,0x17b75f53b960,169,"hasSetter_"
code-creation,LazyCompile,0x17b75f53ba20,196,"IsInconsistentDescriptor native v8natives.js:379",0x3f32699c5710,
code-creation,CallInitialize,0x17b75f53bb00,209,"args_count: 0"
code-creation,LazyCompile,0x17b75f53bbe0,236,"IsAccessorDescriptor native v8natives.js:360",0x3f32699c5560,
code-creation,CallPreMonomorphic,0x17b75f53bce0,209,"args_count: 0"
code-creation,LazyCompile,0x17b75f53bdc0,140,"$Array.set_ native v8natives.js:575",0x3f32699c7a20,
code-creation,LazyCompile,0x17b75f53be60,236,"IsDataDescriptor native v8natives.js:367",0x3f32699c55f0,
code-creation,LazyCompile,0x17b75f53bf60,140,"$Array.enumerable_ native v8natives.js:535",0x3f32699c7360,
code-creation,LazyCompile,0x17b75f53c040,140,"$Array.configurable_ native v8natives.js:555",0x3f32699c76c0,
code-creation,Stub,0x17b75f53c0e0,114,"BinaryOpStub_BIT_OR_Alloc_Uninitialized"
code-creation,LazyCompile,0x17b75f53c160,5068,"DefineOwnProperty native v8natives.js:692",0x3f32699c5e60,
code-creation,LazyCompile,0x17b75f53d540,496,"ToObject native runtime.js:577",0x3f32699c21f0,
code-creation,LazyCompile,0x17b75f53d740,524,"ConvertDescriptorArrayToDescriptor native v8natives.js:593",0x3f32699c5a70,
code-creation,LazyCompile,0x17b75f53d960,140,"$Array.writable_ native v8natives.js:545",0x3f32699c7510,
code-creation,LazyCompile,0x17b75f53da00,140,"$Array.writable_ native v8natives.js:542",0x3f32699c7480,
code-creation,Stub,0x17b75f53daa0,255,"BinaryOpStub_BIT_OR_Alloc_SMI"
code-creation,LazyCompile,0x17b75f53dba0,140,"$Array.get_ native v8natives.js:562",0x3f32699c77e0,
code-creation,LazyCompile,0x17b75f53dc40,140,"$Array.get_ native v8natives.js:565",0x3f32699c7870,
code-creation,CallMiss,0x17b75f53dce0,209,"args_count: 0"
code-creation,CallIC,0x17b75f53ddc0,197,"hasValue"
code-creation,LoadIC,0x17b75f53dea0,102,"hasValue_"
code-creation,LoadIC,0x17b75f53dea0,102,"hasValue_"
code-creation,CallIC,0x17b75f53df20,197,"hasWritable"
code-creation,LoadIC,0x17b75f53e040,102,"hasWritable_"
code-creation,LoadIC,0x17b75f53e040,102,"hasWritable_"
code-creation,LazyCompile,0x17b75f53e0c0,220,"IsGenericDescriptor native v8natives.js:374",0x3f32699c5680,
code-creation,CallIC,0x17b75f53e1a0,200,"hasGetter"
code-creation,LoadIC,0x17b75f53e280,102,"hasGetter_"
code-creation,LoadIC,0x17b75f53e280,102,"hasGetter_"
code-creation,CallMiss,0x17b75f53e300,214,"args_count: 1"
code-creation,CallIC,0x17b75f53e3e0,148,"IsAccessorDescriptor"
code-creation,LazyCompile,0x17b75f53e480,140,"$Array.set_ native v8natives.js:572",0x3f32699c7990,
code-creation,LazyCompile,0x17b75f53e520,140," native v8natives.js:585",0x3f32699c7bd0,
code-creation,LazyCompile,0x17b75f53e5c0,140,"d native v8natives.js:582",0x3f32699c7b40,
code-creation,LoadIC,0x17b75f53e660,162,""
code-creation,LoadIC,0x17b75f53e660,162,""
code-creation,StoreIC,0x17b75f53e720,173,"type"
code-creation,StoreIC,0x17b75f53e720,173,"type"
code-creation,StoreIC,0x17b75f53e7e0,173,"arguments"
code-creation,StoreIC,0x17b75f53e7e0,173,"arguments"
code-creation,Script,0x17b75f53e8a0,288,"native apinatives.js",0x3f32699d9af8,
code-creation,Stub,0x17b75f53e9c0,244,"FastCloneShallowArrayStub"
code-creation,Script,0x17b75f53eac0,1628,"native date.js",0x3f32699dd5e8,
code-creation,StoreIC,0x17b75f53f120,169,"time"
code-creation,StoreIC,0x17b75f53f120,169,"time"
code-creation,StoreIC,0x17b75f53f1e0,169,"year"
code-creation,StoreIC,0x17b75f53f1e0,169,"year"
code-creation,Stub,0x17b75f53f2a0,145,"CompareICStub"
code-creation,LazyCompile,0x17b75f53f340,1824,"WeekDays native date.js:398",0x3f32699dd510,
code-creation,LazyCompile,0x17b75f53f340,1824,"WeekDays native date.js:398",0x3f32699dd510,
code-creation,LazyCompile,0x17b75f53fa60,336,"TimeClip native date.js:378",0x3f32699db338,
code-creation,LazyCompile,0x17b75f53fbc0,440,"isFinite native v8natives.js:115",0x3f32699c4c60,
code-creation,Stub,0x17b75f53fd80,487,"CompareStub_EQ"
code-creation,Stub,0x17b75f540040,215,"CompareICStub"
code-creation,CallInitialize,0x17b75f540120,223,"args_count: 92"
code-creation,LazyCompile,0x17b75f540200,1952,"SetUpDate native date.js:1051",0x3f32699dd480,
code-creation,CallPreMonomorphic,0x17b75f5409a0,223,"args_count: 92"
code-creation,Script,0x17b75f540a80,472,"native regexp.js",0x3f32699dfbb8,
code-creation,Function,0x17b75f540c60,212,"RegExpGetInput native regexp.js:428",0x3f32699e0238,
code-creation,Function,0x17b75f540d40,176,"RegExpSetInput native regexp.js:432",0x3f32699e0310,
code-creation,Function,0x17b75f540e00,128,"RegExpGetMultiline native regexp.js:452",0x3f32699e03e0,
code-creation,Function,0x17b75f540e80,236,"RegExpSetMultiline native regexp.js:453",0x3f32699e04b8,
code-creation,Function,0x17b75f540f80,116,"NoOpSetter native regexp.js:461",0x3f32699e0590,
code-creation,CallInitialize,0x17b75f541000,214,"args_count: 8"
code-creation,LazyCompile,0x17b75f5410e0,3152,"SetUpRegExp native regexp.js:408",0x3f32699dfae0,
code-creation,LazyCompile,0x17b75f541d40,308,"RegExpConstructor native regexp.js:86",0x3f32699df390,
code-creation,LazyCompile,0x17b75f541d40,308,"RegExpConstructor native regexp.js:86",0x3f32699df390,
code-creation,CallPreMonomorphic,0x17b75f541e80,214,"args_count: 8"
code-creation,Stub,0x17b75f542040,1568,"StringAddStub"
code-creation,Stub,0x17b75f542660,1565,"StringAddStub"
code-creation,Stub,0x17b75f542c80,171,"BinaryOpStub_ADD_Alloc_Strings"
code-creation,CallPreMonomorphic,0x17b75f542d40,212,"args_count: 2"
code-creation,LazyCompile,0x17b75f542e20,448,"ToPrimitive native runtime.js:516",0x3f32699c1df8,
code-creation,Stub,0x17b75f542fe0,114,"BinaryOpStub_MUL_Alloc_Uninitialized"
code-creation,Stub,0x17b75f543060,114,"BinaryOpStub_ADD_OverwriteRight_Uninitialized"
code-creation,Function,0x17b75f5430e0,588," native regexp.js:371",0x3f32699e0938,
code-creation,LazyCompile,0x17b75f543340,220,"RegExpMakeCaptureGetter native regexp.js:370",0x3f32699dfa50,
code-creation,CallMiss,0x17b75f543420,212,"args_count: 2"
code-creation,CallIC,0x17b75f543500,147,"ToPrimitive"
code-creation,LoadIC,0x17b75f5435a0,107,"$RegExp"
code-creation,LoadIC,0x17b75f5435a0,107,"$RegExp"
code-creation,CallIC,0x17b75f543620,148,"RegExpMakeCaptureGetter"
code-creation,Script,0x17b75f5436c0,264,"native json.js",0x3f32699e1298,
code-creation,LazyCompile,0x17b75f5437e0,268,"SetUpJSON native json.js:340",0x3f32699e11c0,
code-delete,0x17b75f530860
code-delete,0x17b75f530ec0
code-delete,0x17b75f534ea0
code-delete,0x17b75f534f40
code-delete,0x17b75f534fc0
code-delete,0x17b75f536120
code-delete,0x17b75f536280
code-delete,0x17b75f539180
code-delete,0x17b75f539200
code-delete,0x17b75f5397c0
code-delete,0x17b75f539840
code-delete,0x17b75f5399a0
code-delete,0x17b75f539a40
code-delete,0x17b75f53a3a0
code-delete,0x17b75f53a460
code-delete,0x17b75f53b080
code-delete,0x17b75f53b140
code-delete,0x17b75f53b200
code-delete,0x17b75f53b360
code-delete,0x17b75f53b420
code-delete,0x17b75f53b660
code-delete,0x17b75f53b720
code-delete,0x17b75f53b8a0
code-delete,0x17b75f53b960
code-delete,0x17b75f53ddc0
code-delete,0x17b75f53dea0
code-delete,0x17b75f53df20
code-delete,0x17b75f53e040
code-delete,0x17b75f53e1a0
code-delete,0x17b75f53e280
code-delete,0x17b75f53e3e0
code-delete,0x17b75f53e660
code-delete,0x17b75f53e720
code-delete,0x17b75f53e7e0
code-delete,0x17b75f53f120
code-delete,0x17b75f53f1e0
code-delete,0x17b75f543500
code-delete,0x17b75f5435a0
code-delete,0x17b75f543620
sfi-move,0x3f32699bec70,0x3f32699bec70
sfi-move,0x3f32699bed60,0x3f32699bed60
sfi-move,0x3f32699beee8,0x3f32699beee8
sfi-move,0x3f32699befc0,0x3f32699befc0
sfi-move,0x3f32699bf0c8,0x3f32699bf0c8
sfi-move,0x3f32699bf1c0,0x3f32699bf1c0
sfi-move,0x3f32699bf298,0x3f32699bf298
sfi-move,0x3f32699bf370,0x3f32699bf370
sfi-move,0x3f32699bf448,0x3f32699bf448
sfi-move,0x3f32699bf520,0x3f32699bf520
sfi-move,0x3f32699bf5f8,0x3f32699bf5f8
sfi-move,0x3f32699bf6d0,0x3f32699bf6d0
sfi-move,0x3f32699bf7a8,0x3f32699bf7a8
sfi-move,0x3f32699bf898,0x3f32699bf898
sfi-move,0x3f32699bf9b0,0x3f32699bf9b0
sfi-move,0x3f32699bfa88,0x3f32699bfa88
sfi-move,0x3f32699bfb60,0x3f32699bfb60
sfi-move,0x3f32699c0040,0x3f32699c0040
sfi-move,0x3f32699c0348,0x3f32699c0348
sfi-move,0x3f32699c0420,0x3f32699c0420
sfi-move,0x3f32699c0580,0x3f32699c0580
sfi-move,0x3f32699c0670,0x3f32699c0670
sfi-move,0x3f32699c0bf8,0x3f32699c0b40
sfi-move,0x3f32699c0c88,0x3f32699c0bd0
sfi-move,0x3f32699c0d18,0x3f32699c0c60
sfi-move,0x3f32699c0da8,0x3f32699c0cf0
sfi-move,0x3f32699c0e38,0x3f32699c0d80
sfi-move,0x3f32699c0ec8,0x3f32699c0e10
sfi-move,0x3f32699c0f58,0x3f32699c0ea0
sfi-move,0x3f32699c0fe8,0x3f32699c0f30
sfi-move,0x3f32699c1078,0x3f32699c0fc0
sfi-move,0x3f32699c1108,0x3f32699c1050
sfi-move,0x3f32699c1198,0x3f32699c10e0
sfi-move,0x3f32699c1228,0x3f32699c1170
sfi-move,0x3f32699c12b8,0x3f32699c1200
sfi-move,0x3f32699c1348,0x3f32699c1290
sfi-move,0x3f32699c13d8,0x3f32699c1320
sfi-move,0x3f32699c1468,0x3f32699c13b0
sfi-move,0x3f32699c14f8,0x3f32699c1440
sfi-move,0x3f32699c1588,0x3f32699c14d0
sfi-move,0x3f32699c1618,0x3f32699c1560
sfi-move,0x3f32699c16a8,0x3f32699c15f0
sfi-move,0x3f32699c1738,0x3f32699c1680
sfi-move,0x3f32699c17c8,0x3f32699c1710
sfi-move,0x3f32699c1858,0x3f32699c17a0
sfi-move,0x3f32699c18e8,0x3f32699c1830
sfi-move,0x3f32699c1978,0x3f32699c18c0
sfi-move,0x3f32699c1a08,0x3f32699c1950
sfi-move,0x3f32699c1a98,0x3f32699c19e0
sfi-move,0x3f32699c1b28,0x3f32699c1a70
sfi-move,0x3f32699c1bb8,0x3f32699c1b00
sfi-move,0x3f32699c1c48,0x3f32699c1b90
sfi-move,0x3f32699c1cd8,0x3f32699c1c20
sfi-move,0x3f32699c1d68,0x3f32699c1cb0
sfi-move,0x3f32699c1df8,0x3f32699c1d40
sfi-move,0x3f32699c1e88,0x3f32699c1dd0
sfi-move,0x3f32699c1f18,0x3f32699c1e60
sfi-move,0x3f32699c2040,0x3f32699c1ef0
sfi-move,0x3f32699c20d0,0x3f32699c2040
sfi-move,0x3f32699c2160,0x3f32699c20d0
sfi-move,0x3f32699c21f0,0x3f32699c2160
sfi-move,0x3f32699c2280,0x3f32699c21f0
sfi-move,0x3f32699c2310,0x3f32699c2280
sfi-move,0x3f32699c23a0,0x3f32699c2310
sfi-move,0x3f32699c2430,0x3f32699c23a0
sfi-move,0x3f32699c24c0,0x3f32699c2430
sfi-move,0x3f32699c2550,0x3f32699c24c0
sfi-move,0x3f32699c25e0,0x3f32699c2550
sfi-move,0x3f32699c26b8,0x3f32699c2628
sfi-move,0x3f32699c4a20,0x3f32699c4520
sfi-move,0x3f32699c4ab0,0x3f32699c45b0
sfi-move,0x3f32699c4b40,0x3f32699c4640
sfi-move,0x3f32699c4bd0,0x3f32699c46d0
sfi-move,0x3f32699c4c60,0x3f32699c4760
sfi-move,0x3f32699c4cf0,0x3f32699c47f0
sfi-move,0x3f32699c4d80,0x3f32699c4880
sfi-move,0x3f32699c4e10,0x3f32699c4910
sfi-move,0x3f32699c4ea0,0x3f32699c49a0
sfi-move,0x3f32699c4f30,0x3f32699c4a30
sfi-move,0x3f32699c4fc0,0x3f32699c4ac0
sfi-move,0x3f32699c5050,0x3f32699c4b50
sfi-move,0x3f32699c50e0,0x3f32699c4be0
sfi-move,0x3f32699c5170,0x3f32699c4c70
sfi-move,0x3f32699c5200,0x3f32699c4d00
sfi-move,0x3f32699c5290,0x3f32699c4d90
sfi-move,0x3f32699c5320,0x3f32699c4e20
sfi-move,0x3f32699c53b0,0x3f32699c4eb0
sfi-move,0x3f32699c5440,0x3f32699c4f40
sfi-move,0x3f32699c54d0,0x3f32699c4fd0
sfi-move,0x3f32699c5560,0x3f32699c5060
sfi-move,0x3f32699c55f0,0x3f32699c50f0
sfi-move,0x3f32699c5680,0x3f32699c5180
sfi-move,0x3f32699c5710,0x3f32699c5210
sfi-move,0x3f32699c57a0,0x3f32699c52a0
sfi-move,0x3f32699c5830,0x3f32699c5330
sfi-move,0x3f32699c58c0,0x3f32699c53c0
sfi-move,0x3f32699c5950,0x3f32699c5450
sfi-move,0x3f32699c59e0,0x3f32699c54e0
sfi-move,0x3f32699c5a70,0x3f32699c5570
sfi-move,0x3f32699c5b00,0x3f32699c5600
sfi-move,0x3f32699c5b90,0x3f32699c5690
sfi-move,0x3f32699c5c20,0x3f32699c5720
sfi-move,0x3f32699c5cb0,0x3f32699c57b0
sfi-move,0x3f32699c5d40,0x3f32699c5840
sfi-move,0x3f32699c5dd0,0x3f32699c58d0
sfi-move,0x3f32699c5e60,0x3f32699c5960
sfi-move,0x3f32699c5ef0,0x3f32699c59f0
sfi-move,0x3f32699c6040,0x3f32699c5a80
sfi-move,0x3f32699c60d0,0x3f32699c5b10
sfi-move,0x3f32699c6160,0x3f32699c5ba0
sfi-move,0x3f32699c61f0,0x3f32699c5c30
sfi-move,0x3f32699c6280,0x3f32699c5cc0
sfi-move,0x3f32699c6310,0x3f32699c5d50
sfi-move,0x3f32699c63a0,0x3f32699c5de0
sfi-move,0x3f32699c6430,0x3f32699c5e70
sfi-move,0x3f32699c64c0,0x3f32699c5f00
sfi-move,0x3f32699c6550,0x3f32699c6040
sfi-move,0x3f32699c65e0,0x3f32699c60d0
sfi-move,0x3f32699c6670,0x3f32699c6160
sfi-move,0x3f32699c6700,0x3f32699c61f0
sfi-move,0x3f32699c6790,0x3f32699c6280
sfi-move,0x3f32699c6820,0x3f32699c6310
sfi-move,0x3f32699c68b0,0x3f32699c63a0
sfi-move,0x3f32699c6940,0x3f32699c6430
sfi-move,0x3f32699c69d0,0x3f32699c64c0
sfi-move,0x3f32699c6a60,0x3f32699c6550
sfi-move,0x3f32699c6af0,0x3f32699c65e0
sfi-move,0x3f32699c6b80,0x3f32699c6670
sfi-move,0x3f32699c6c10,0x3f32699c6700
sfi-move,0x3f32699c6ca0,0x3f32699c6790
sfi-move,0x3f32699c6d30,0x3f32699c6820
sfi-move,0x3f32699c6dc0,0x3f32699c68b0
sfi-move,0x3f32699c6e50,0x3f32699c6940
sfi-move,0x3f32699c6ee0,0x3f32699c69d0
sfi-move,0x3f32699c6f70,0x3f32699c6a60
sfi-move,0x3f32699c7000,0x3f32699c6af0
sfi-move,0x3f32699c7090,0x3f32699c6b80
sfi-move,0x3f32699c7120,0x3f32699c6c10
sfi-move,0x3f32699c71b0,0x3f32699c6ca0
sfi-move,0x3f32699c7240,0x3f32699c6d30
sfi-move,0x3f32699c72d0,0x3f32699c6dc0
sfi-move,0x3f32699c7360,0x3f32699c6e50
sfi-move,0x3f32699c73f0,0x3f32699c6ee0
sfi-move,0x3f32699c7480,0x3f32699c6f70
sfi-move,0x3f32699c7510,0x3f32699c7000
sfi-move,0x3f32699c75a0,0x3f32699c7090
sfi-move,0x3f32699c7630,0x3f32699c7120
sfi-move,0x3f32699c76c0,0x3f32699c71b0
sfi-move,0x3f32699c7750,0x3f32699c7240
sfi-move,0x3f32699c77e0,0x3f32699c72d0
sfi-move,0x3f32699c7870,0x3f32699c7360
sfi-move,0x3f32699c7900,0x3f32699c73f0
sfi-move,0x3f32699c7990,0x3f32699c7480
sfi-move,0x3f32699c7a20,0x3f32699c7510
sfi-move,0x3f32699c7ab0,0x3f32699c75a0
sfi-move,0x3f32699c7b40,0x3f32699c7630
sfi-move,0x3f32699c7bd0,0x3f32699c76c0
sfi-move,0x3f32699c7c60,0x3f32699c7750
sfi-move,0x3f32699c7cf0,0x3f32699c77e0
sfi-move,0x3f32699c7dc8,0x3f32699c78b8
sfi-move,0x3f32699ca040,0x3f32699c97e0
sfi-move,0x3f32699ca0d0,0x3f32699c9870
sfi-move,0x3f32699ca160,0x3f32699c9900
sfi-move,0x3f32699ca1f0,0x3f32699c9990
sfi-move,0x3f32699ca280,0x3f32699c9a20
sfi-move,0x3f32699ca310,0x3f32699c9ab0
sfi-move,0x3f32699ca3a0,0x3f32699c9b40
sfi-move,0x3f32699ca430,0x3f32699c9bd0
sfi-move,0x3f32699ca4c0,0x3f32699c9c60
sfi-move,0x3f32699ca550,0x3f32699c9cf0
sfi-move,0x3f32699ca5e0,0x3f32699c9d80
sfi-move,0x3f32699ca670,0x3f32699c9e10
sfi-move,0x3f32699ca700,0x3f32699c9ea0
sfi-move,0x3f32699ca790,0x3f32699c9f30
sfi-move,0x3f32699ca820,0x3f32699ca040
sfi-move,0x3f32699ca8b0,0x3f32699ca0d0
sfi-move,0x3f32699ca940,0x3f32699ca160
sfi-move,0x3f32699ca9d0,0x3f32699ca1f0
sfi-move,0x3f32699caa60,0x3f32699ca280
sfi-move,0x3f32699caaf0,0x3f32699ca310
sfi-move,0x3f32699cab80,0x3f32699ca3a0
sfi-move,0x3f32699cac10,0x3f32699ca430
sfi-move,0x3f32699caca0,0x3f32699ca4c0
sfi-move,0x3f32699cad30,0x3f32699ca550
sfi-move,0x3f32699cadc0,0x3f32699ca5e0
sfi-move,0x3f32699cae50,0x3f32699ca670
sfi-move,0x3f32699caee0,0x3f32699ca700
sfi-move,0x3f32699caf70,0x3f32699ca790
sfi-move,0x3f32699cb000,0x3f32699ca820
sfi-move,0x3f32699cb090,0x3f32699ca8b0
sfi-move,0x3f32699cb120,0x3f32699ca940
sfi-move,0x3f32699cb1b0,0x3f32699ca9d0
sfi-move,0x3f32699cb240,0x3f32699caa60
sfi-move,0x3f32699cb2d0,0x3f32699caaf0
sfi-move,0x3f32699cb360,0x3f32699cab80
sfi-move,0x3f32699cb438,0x3f32699cac58
sfi-move,0x3f32699cc2a8,0x3f32699cba20
sfi-move,0x3f32699cc390,0x3f32699cbb08
sfi-move,0x3f32699cc468,0x3f32699cbbe0
sfi-move,0x3f32699cc540,0x3f32699cbcb8
sfi-move,0x3f32699cc618,0x3f32699cbd90
sfi-move,0x3f32699cc6f0,0x3f32699cbe68
sfi-move,0x3f32699cc7c8,0x3f32699cbf40
sfi-move,0x3f32699cc8a0,0x3f32699cc088
sfi-move,0x3f32699cd068,0x3f32699cc5c8
sfi-move,0x3f32699cd0f8,0x3f32699cc658
sfi-move,0x3f32699cd188,0x3f32699cc6e8
sfi-move,0x3f32699cd218,0x3f32699cc778
sfi-move,0x3f32699cd2a8,0x3f32699cc808
sfi-move,0x3f32699cd338,0x3f32699cc898
sfi-move,0x3f32699cd3c8,0x3f32699cc928
sfi-move,0x3f32699cd458,0x3f32699cc9b8
sfi-move,0x3f32699cd4e8,0x3f32699cca48
sfi-move,0x3f32699cd578,0x3f32699ccad8
sfi-move,0x3f32699cd608,0x3f32699ccb68
sfi-move,0x3f32699cd698,0x3f32699ccbf8
sfi-move,0x3f32699cd728,0x3f32699ccc88
sfi-move,0x3f32699cd7b8,0x3f32699ccd18
sfi-move,0x3f32699cd848,0x3f32699ccda8
sfi-move,0x3f32699cd8d8,0x3f32699cce38
sfi-move,0x3f32699cd968,0x3f32699ccec8
sfi-move,0x3f32699cd9f8,0x3f32699ccf58
sfi-move,0x3f32699cda88,0x3f32699ccfe8
sfi-move,0x3f32699cdb18,0x3f32699cd078
sfi-move,0x3f32699cdba8,0x3f32699cd108
sfi-move,0x3f32699cdc38,0x3f32699cd198
sfi-move,0x3f32699cdcc8,0x3f32699cd228
sfi-move,0x3f32699cdd58,0x3f32699cd2b8
sfi-move,0x3f32699cdde8,0x3f32699cd348
sfi-move,0x3f32699cde78,0x3f32699cd3d8
sfi-move,0x3f32699cdf08,0x3f32699cd468
sfi-move,0x3f32699ce040,0x3f32699cd4f8
sfi-move,0x3f32699ce0d0,0x3f32699cd588
sfi-move,0x3f32699ce160,0x3f32699cd618
sfi-move,0x3f32699ce1f0,0x3f32699cd6a8
sfi-move,0x3f32699ce280,0x3f32699cd738
sfi-move,0x3f32699ce310,0x3f32699cd7c8
sfi-move,0x3f32699ce3a0,0x3f32699cd858
sfi-move,0x3f32699ce430,0x3f32699cd8e8
sfi-move,0x3f32699ce4c0,0x3f32699cd978
sfi-move,0x3f32699ce550,0x3f32699cda08
sfi-move,0x3f32699ce5e0,0x3f32699cda98
sfi-move,0x3f32699ce670,0x3f32699cdb28
sfi-move,0x3f32699ce700,0x3f32699cdbb8
sfi-move,0x3f32699ce790,0x3f32699cdc48
sfi-move,0x3f32699ce820,0x3f32699cdcd8
sfi-move,0x3f32699ce8b0,0x3f32699cdd68
sfi-move,0x3f32699ce940,0x3f32699cddf8
sfi-move,0x3f32699ce9d0,0x3f32699cde88
sfi-move,0x3f32699cea60,0x3f32699cdf18
sfi-move,0x3f32699ceaf0,0x3f32699ce040
sfi-move,0x3f32699ceb80,0x3f32699ce0d0
sfi-move,0x3f32699cec10,0x3f32699ce160
sfi-move,0x3f32699cece8,0x3f32699ce238
sfi-move,0x3f32699d01a0,0x3f32699cf4c8
sfi-move,0x3f32699d0230,0x3f32699cf558
sfi-move,0x3f32699d02c0,0x3f32699cf5e8
sfi-move,0x3f32699d0350,0x3f32699cf678
sfi-move,0x3f32699d03e0,0x3f32699cf708
sfi-move,0x3f32699d0470,0x3f32699cf798
sfi-move,0x3f32699d0500,0x3f32699cf828
sfi-move,0x3f32699d0590,0x3f32699cf8b8
sfi-move,0x3f32699d0620,0x3f32699cf948
sfi-move,0x3f32699d06b0,0x3f32699cf9d8
sfi-move,0x3f32699d0740,0x3f32699cfa68
sfi-move,0x3f32699d07d0,0x3f32699cfaf8
sfi-move,0x3f32699d0860,0x3f32699cfb88
sfi-move,0x3f32699d08f0,0x3f32699cfc18
sfi-move,0x3f32699d0980,0x3f32699cfca8
sfi-move,0x3f32699d0a10,0x3f32699cfd38
sfi-move,0x3f32699d0aa0,0x3f32699cfdc8
sfi-move,0x3f32699d0b30,0x3f32699cfe58
sfi-move,0x3f32699d0bc0,0x3f32699cfee8
sfi-move,0x3f32699d0c98,0x3f32699d0040
sfi-move,0x3f32699d1548,0x3f32699d08a8
sfi-move,0x3f32699d15d8,0x3f32699d0938
sfi-move,0x3f32699d1668,0x3f32699d09c8
sfi-move,0x3f32699d16f8,0x3f32699d0a58
sfi-move,0x3f32699d1788,0x3f32699d0ae8
sfi-move,0x3f32699d1818,0x3f32699d0b78
sfi-move,0x3f32699d18a8,0x3f32699d0c08
sfi-move,0x3f32699d1938,0x3f32699d0c98
sfi-move,0x3f32699d19c8,0x3f32699d0d28
sfi-move,0x3f32699d1a58,0x3f32699d0db8
sfi-move,0x3f32699d1ae8,0x3f32699d0e48
sfi-move,0x3f32699d1b78,0x3f32699d0ed8
sfi-move,0x3f32699d1c08,0x3f32699d0f68
sfi-move,0x3f32699d1c98,0x3f32699d0ff8
sfi-move,0x3f32699d1d28,0x3f32699d1088
sfi-move,0x3f32699d1db8,0x3f32699d1118
sfi-move,0x3f32699d1e48,0x3f32699d11a8
sfi-move,0x3f32699d1ed8,0x3f32699d1238
sfi-move,0x3f32699d1f68,0x3f32699d12c8
sfi-move,0x3f32699d2040,0x3f32699d1358
sfi-move,0x3f32699d2118,0x3f32699d1430
sfi-move,0x3f32699d4ea8,0x3f32699d1f30
sfi-move,0x3f32699d4f38,0x3f32699d2040
sfi-move,0x3f32699d4fc8,0x3f32699d20d0
sfi-move,0x3f32699d5058,0x3f32699d2160
sfi-move,0x3f32699d50e8,0x3f32699d21f0
sfi-move,0x3f32699d5178,0x3f32699d2280
sfi-move,0x3f32699d5208,0x3f32699d2310
sfi-move,0x3f32699d5298,0x3f32699d23a0
sfi-move,0x3f32699d5328,0x3f32699d2430
sfi-move,0x3f32699d53b8,0x3f32699d24c0
sfi-move,0x3f32699d5448,0x3f32699d2550
sfi-move,0x3f32699d54d8,0x3f32699d25e0
sfi-move,0x3f32699d5568,0x3f32699d2670
sfi-move,0x3f32699d55f8,0x3f32699d2700
sfi-move,0x3f32699d5688,0x3f32699d2790
sfi-move,0x3f32699d5718,0x3f32699d2820
sfi-move,0x3f32699d57a8,0x3f32699d28b0
sfi-move,0x3f32699d5838,0x3f32699d2940
sfi-move,0x3f32699d58c8,0x3f32699d29d0
sfi-move,0x3f32699d5958,0x3f32699d2a60
sfi-move,0x3f32699d59e8,0x3f32699d2af0
sfi-move,0x3f32699d5a78,0x3f32699d2b80
sfi-move,0x3f32699d5b08,0x3f32699d2c10
sfi-move,0x3f32699d5b98,0x3f32699d2ca0
sfi-move,0x3f32699d5c28,0x3f32699d2d30
sfi-move,0x3f32699d5cb8,0x3f32699d2dc0
sfi-move,0x3f32699d5d48,0x3f32699d2e50
sfi-move,0x3f32699d5dd8,0x3f32699d2ee0
sfi-move,0x3f32699d5e68,0x3f32699d2f70
sfi-move,0x3f32699d5ef8,0x3f32699d3000
sfi-move,0x3f32699d6040,0x3f32699d3090
sfi-move,0x3f32699d60d0,0x3f32699d3120
sfi-move,0x3f32699d6160,0x3f32699d31b0
sfi-move,0x3f32699d61f0,0x3f32699d3240
sfi-move,0x3f32699d6280,0x3f32699d32d0
sfi-move,0x3f32699d6310,0x3f32699d3360
sfi-move,0x3f32699d63a0,0x3f32699d33f0
sfi-move,0x3f32699d6430,0x3f32699d3480
sfi-move,0x3f32699d64c0,0x3f32699d3510
sfi-move,0x3f32699d6550,0x3f32699d35a0
sfi-move,0x3f32699d65e0,0x3f32699d3630
sfi-move,0x3f32699d6670,0x3f32699d36c0
sfi-move,0x3f32699d6700,0x3f32699d3750
sfi-move,0x3f32699d6790,0x3f32699d37e0
sfi-move,0x3f32699d6820,0x3f32699d3870
sfi-move,0x3f32699d68b0,0x3f32699d3900
sfi-move,0x3f32699d6940,0x3f32699d3990
sfi-move,0x3f32699d69d0,0x3f32699d3a20
sfi-move,0x3f32699d6a60,0x3f32699d3ab0
sfi-move,0x3f32699d6af0,0x3f32699d3b40
sfi-move,0x3f32699d6b80,0x3f32699d3bd0
sfi-move,0x3f32699d6c10,0x3f32699d3c60
sfi-move,0x3f32699d6ca0,0x3f32699d3cf0
sfi-move,0x3f32699d6d30,0x3f32699d3d80
sfi-move,0x3f32699d6e08,0x3f32699d3e58
sfi-move,0x3f32699d82e0,0x3f32699d52d8
sfi-move,0x3f32699d8370,0x3f32699d5368
sfi-move,0x3f32699d8400,0x3f32699d53f8
sfi-move,0x3f32699d8490,0x3f32699d5488
sfi-move,0x3f32699d8520,0x3f32699d5518
sfi-move,0x3f32699d85b0,0x3f32699d55a8
sfi-move,0x3f32699d8640,0x3f32699d5638
sfi-move,0x3f32699d86d0,0x3f32699d56c8
sfi-move,0x3f32699d87e8,0x3f32699d57e0
sfi-move,0x3f32699d88c0,0x3f32699d58b8
sfi-move,0x3f32699d8998,0x3f32699d5990
sfi-move,0x3f32699d8ad8,0x3f32699d5ad0
sfi-move,0x3f32699d8d28,0x3f32699d5d08
sfi-move,0x3f32699d8e00,0x3f32699d5de0
sfi-move,0x3f32699d9878,0x3f32699d6858
sfi-move,0x3f32699d9908,0x3f32699d68e8
sfi-move,0x3f32699d9998,0x3f32699d6978
sfi-move,0x3f32699d9a28,0x3f32699d6a08
sfi-move,0x3f32699d9af8,0x3f32699d6ad8
sfi-move,0x3f32699da6d8,0x3f32699d75a0
sfi-move,0x3f32699da768,0x3f32699d7630
sfi-move,0x3f32699da7f8,0x3f32699d76c0
sfi-move,0x3f32699da888,0x3f32699d7750
sfi-move,0x3f32699da918,0x3f32699d77e0
sfi-move,0x3f32699da9a8,0x3f32699d7870
sfi-move,0x3f32699daa38,0x3f32699d7900
sfi-move,0x3f32699daac8,0x3f32699d7990
sfi-move,0x3f32699dab58,0x3f32699d7a20
sfi-move,0x3f32699dabe8,0x3f32699d7ab0
sfi-move,0x3f32699dac78,0x3f32699d7b40
sfi-move,0x3f32699dad08,0x3f32699d7bd0
sfi-move,0x3f32699dad98,0x3f32699d7c60
sfi-move,0x3f32699dae28,0x3f32699d7cf0
sfi-move,0x3f32699daeb8,0x3f32699d7d80
sfi-move,0x3f32699daf48,0x3f32699d7e10
sfi-move,0x3f32699dafd8,0x3f32699d7ea0
sfi-move,0x3f32699db068,0x3f32699d7f30
sfi-move,0x3f32699db0f8,0x3f32699d8040
sfi-move,0x3f32699db188,0x3f32699d80d0
sfi-move,0x3f32699db218,0x3f32699d8160
sfi-move,0x3f32699db2a8,0x3f32699d81f0
sfi-move,0x3f32699db338,0x3f32699d8280
sfi-move,0x3f32699db3c8,0x3f32699d8310
sfi-move,0x3f32699db458,0x3f32699d83a0
sfi-move,0x3f32699db4e8,0x3f32699d8430
sfi-move,0x3f32699db578,0x3f32699d84c0
sfi-move,0x3f32699db608,0x3f32699d8550
sfi-move,0x3f32699db698,0x3f32699d85e0
sfi-move,0x3f32699db728,0x3f32699d8670
sfi-move,0x3f32699db7b8,0x3f32699d8700
sfi-move,0x3f32699db848,0x3f32699d8790
sfi-move,0x3f32699db8d8,0x3f32699d8820
sfi-move,0x3f32699db968,0x3f32699d88b0
sfi-move,0x3f32699db9f8,0x3f32699d8940
sfi-move,0x3f32699dba88,0x3f32699d89d0
sfi-move,0x3f32699dbb18,0x3f32699d8a60
sfi-move,0x3f32699dbba8,0x3f32699d8af0
sfi-move,0x3f32699dbc38,0x3f32699d8b80
sfi-move,0x3f32699dbcc8,0x3f32699d8c10
sfi-move,0x3f32699dbd58,0x3f32699d8ca0
sfi-move,0x3f32699dbde8,0x3f32699d8d30
sfi-move,0x3f32699dbe78,0x3f32699d8dc0
sfi-move,0x3f32699dbf08,0x3f32699d8e50
sfi-move,0x3f32699dc040,0x3f32699d8ee0
sfi-move,0x3f32699dc0d0,0x3f32699d8f70
sfi-move,0x3f32699dc160,0x3f32699d9000
sfi-move,0x3f32699dc1f0,0x3f32699d9090
sfi-move,0x3f32699dc280,0x3f32699d9120
sfi-move,0x3f32699dc310,0x3f32699d91b0
sfi-move,0x3f32699dc3a0,0x3f32699d9240
sfi-move,0x3f32699dc430,0x3f32699d92d0
sfi-move,0x3f32699dc4c0,0x3f32699d9360
sfi-move,0x3f32699dc550,0x3f32699d93f0
sfi-move,0x3f32699dc5e0,0x3f32699d9480
sfi-move,0x3f32699dc670,0x3f32699d9510
sfi-move,0x3f32699dc700,0x3f32699d95a0
sfi-move,0x3f32699dc790,0x3f32699d9630
sfi-move,0x3f32699dc820,0x3f32699d96c0
sfi-move,0x3f32699dc8b0,0x3f32699d9750
sfi-move,0x3f32699dc940,0x3f32699d97e0
sfi-move,0x3f32699dc9d0,0x3f32699d9870
sfi-move,0x3f32699dca60,0x3f32699d9900
sfi-move,0x3f32699dcaf0,0x3f32699d9990
sfi-move,0x3f32699dcb80,0x3f32699d9a20
sfi-move,0x3f32699dcc10,0x3f32699d9ab0
sfi-move,0x3f32699dcca0,0x3f32699d9b40
sfi-move,0x3f32699dcd30,0x3f32699d9bd0
sfi-move,0x3f32699dcdc0,0x3f32699d9c60
sfi-move,0x3f32699dce50,0x3f32699d9cf0
sfi-move,0x3f32699dcee0,0x3f32699d9d80
sfi-move,0x3f32699dcf70,0x3f32699d9e10
sfi-move,0x3f32699dd000,0x3f32699d9ea0
sfi-move,0x3f32699dd090,0x3f32699d9f30
sfi-move,0x3f32699dd120,0x3f32699da040
sfi-move,0x3f32699dd1b0,0x3f32699da0d0
sfi-move,0x3f32699dd240,0x3f32699da160
sfi-move,0x3f32699dd2d0,0x3f32699da1f0
sfi-move,0x3f32699dd360,0x3f32699da280
sfi-move,0x3f32699dd3f0,0x3f32699da310
sfi-move,0x3f32699dd480,0x3f32699da3a0
sfi-move,0x3f32699dd510,0x3f32699da430
sfi-move,0x3f32699dd5e8,0x3f32699da508
sfi-move,0x3f32699df300,0x3f32699dc040
sfi-move,0x3f32699df390,0x3f32699dc0d0
sfi-move,0x3f32699df420,0x3f32699dc160
sfi-move,0x3f32699df4b0,0x3f32699dc1f0
sfi-move,0x3f32699df540,0x3f32699dc280
sfi-move,0x3f32699df5d0,0x3f32699dc310
sfi-move,0x3f32699df660,0x3f32699dc3a0
sfi-move,0x3f32699df6f0,0x3f32699dc430
sfi-move,0x3f32699df780,0x3f32699dc4c0
sfi-move,0x3f32699df810,0x3f32699dc550
sfi-move,0x3f32699df8a0,0x3f32699dc5e0
sfi-move,0x3f32699df930,0x3f32699dc670
sfi-move,0x3f32699df9c0,0x3f32699dc700
sfi-move,0x3f32699dfa50,0x3f32699dc790
sfi-move,0x3f32699dfae0,0x3f32699dc820
sfi-move,0x3f32699dfbb8,0x3f32699dc8f8
sfi-move,0x3f32699e0238,0x3f32699dceb0
sfi-move,0x3f32699e0310,0x3f32699dcf88
sfi-move,0x3f32699e03e0,0x3f32699dd058
sfi-move,0x3f32699e04b8,0x3f32699dd130
sfi-move,0x3f32699e0590,0x3f32699dd208
sfi-move,0x3f32699e0938,0x3f32699dd5b0
sfi-move,0x3f32699e0cb0,0x3f32699dd8e8
sfi-move,0x3f32699e0d40,0x3f32699dd978
sfi-move,0x3f32699e0dd0,0x3f32699dda08
sfi-move,0x3f32699e0e60,0x3f32699dda98
sfi-move,0x3f32699e0ef0,0x3f32699ddb28
sfi-move,0x3f32699e0f80,0x3f32699ddbb8
sfi-move,0x3f32699e1010,0x3f32699ddc48
sfi-move,0x3f32699e10a0,0x3f32699ddcd8
sfi-move,0x3f32699e1130,0x3f32699ddd68
sfi-move,0x3f32699e11c0,0x3f32699dddf8
sfi-move,0x3f32699e1298,0x3f32699dded0
sfi-move,0x3f32699e16c0,0x3f32699de300
sfi-move,0x3f32699e1798,0x3f32699de3d8
code-move,0x17b75f524040,0x17b75f524040
code-move,0x17b75f5241a0,0x17b75f5241a0
code-move,0x17b75f524300,0x17b75f524300
code-move,0x17b75f524600,0x17b75f524600
code-move,0x17b75f524660,0x17b75f524660
code-move,0x17b75f5246c0,0x17b75f5246c0
code-move,0x17b75f524720,0x17b75f524720
code-move,0x17b75f524780,0x17b75f524780
code-move,0x17b75f5247e0,0x17b75f5247e0
code-move,0x17b75f524840,0x17b75f524840
code-move,0x17b75f5248a0,0x17b75f5248a0
code-move,0x17b75f524900,0x17b75f524900
code-move,0x17b75f524960,0x17b75f524960
code-move,0x17b75f5249c0,0x17b75f5249c0
code-move,0x17b75f524a20,0x17b75f524a20
code-move,0x17b75f524a80,0x17b75f524a80
code-move,0x17b75f524ae0,0x17b75f524ae0
code-move,0x17b75f524b40,0x17b75f524b40
code-move,0x17b75f524ba0,0x17b75f524ba0
code-move,0x17b75f524c00,0x17b75f524c00
code-move,0x17b75f524d00,0x17b75f524d00
code-move,0x17b75f524da0,0x17b75f524da0
code-move,0x17b75f525000,0x17b75f525000
code-move,0x17b75f525240,0x17b75f525240
code-move,0x17b75f525460,0x17b75f525460
code-move,0x17b75f525520,0x17b75f525520
code-move,0x17b75f5255c0,0x17b75f5255c0
code-move,0x17b75f525640,0x17b75f525640
code-move,0x17b75f5256c0,0x17b75f5256c0
code-move,0x17b75f525780,0x17b75f525780
code-move,0x17b75f525840,0x17b75f525840
code-move,0x17b75f5258e0,0x17b75f5258e0
code-move,0x17b75f525940,0x17b75f525940
code-move,0x17b75f5259a0,0x17b75f5259a0
code-move,0x17b75f525a00,0x17b75f525a00
code-move,0x17b75f525a60,0x17b75f525a60
code-move,0x17b75f525ac0,0x17b75f525ac0
code-move,0x17b75f525b20,0x17b75f525b20
code-move,0x17b75f525b80,0x17b75f525b80
code-move,0x17b75f525be0,0x17b75f525be0
code-move,0x17b75f525c40,0x17b75f525c40
code-move,0x17b75f526040,0x17b75f526040
code-move,0x17b75f526400,0x17b75f526400
code-move,0x17b75f526560,0x17b75f526560
code-move,0x17b75f5265c0,0x17b75f5265c0
code-move,0x17b75f526640,0x17b75f526640
code-move,0x17b75f5266e0,0x17b75f5266e0
code-move,0x17b75f526780,0x17b75f526780
code-move,0x17b75f526880,0x17b75f526880
code-move,0x17b75f5268e0,0x17b75f5268e0
code-move,0x17b75f526940,0x17b75f526940
code-move,0x17b75f526d00,0x17b75f526d00
code-move,0x17b75f527020,0x17b75f527020
code-move,0x17b75f5272e0,0x17b75f5272e0
code-move,0x17b75f527380,0x17b75f527380
code-move,0x17b75f5274a0,0x17b75f5274a0
code-move,0x17b75f527500,0x17b75f527500
code-move,0x17b75f5275c0,0x17b75f5275c0
code-move,0x17b75f527980,0x17b75f527980
code-move,0x17b75f527b20,0x17b75f527b20
code-move,0x17b75f527c40,0x17b75f527c40
code-move,0x17b75f527ca0,0x17b75f527ca0
code-move,0x17b75f527d00,0x17b75f527d00
code-move,0x17b75f527dc0,0x17b75f527dc0
code-move,0x17b75f528040,0x17b75f528040
code-move,0x17b75f528160,0x17b75f528160
code-move,0x17b75f5281c0,0x17b75f5281c0
code-move,0x17b75f528220,0x17b75f528220
code-move,0x17b75f528360,0x17b75f528360
code-move,0x17b75f5283c0,0x17b75f5283c0
code-move,0x17b75f528500,0x17b75f528500
code-move,0x17b75f5286a0,0x17b75f5286a0
code-move,0x17b75f528880,0x17b75f528880
code-move,0x17b75f528a60,0x17b75f528a60
code-move,0x17b75f528d80,0x17b75f528d80
code-move,0x17b75f5290a0,0x17b75f5290a0
code-move,0x17b75f5292e0,0x17b75f5292e0
code-move,0x17b75f529340,0x17b75f529340
code-move,0x17b75f529700,0x17b75f529700
code-move,0x17b75f5297a0,0x17b75f5297a0
code-move,0x17b75f529860,0x17b75f529860
code-move,0x17b75f5298e0,0x17b75f5298e0
code-move,0x17b75f529980,0x17b75f529980
code-move,0x17b75f529a20,0x17b75f529a20
code-move,0x17b75f529ac0,0x17b75f529ac0
code-move,0x17b75f529b60,0x17b75f529b60
code-move,0x17b75f529c00,0x17b75f529c00
code-move,0x17b75f529c60,0x17b75f529c60
code-move,0x17b75f529ce0,0x17b75f529ce0
code-move,0x17b75f52a040,0x17b75f52a040
code-move,0x17b75f52a120,0x17b75f52a120
code-move,0x17b75f52a200,0x17b75f52a200
code-move,0x17b75f52a8c0,0x17b75f52a8c0
code-move,0x17b75f52aa20,0x17b75f52aa20
code-move,0x17b75f52ab20,0x17b75f52ab20
code-move,0x17b75f52abc0,0x17b75f52abc0
code-move,0x17b75f52afa0,0x17b75f52afa0
code-move,0x17b75f52b500,0x17b75f52b500
code-move,0x17b75f52b780,0x17b75f52b780
code-move,0x17b75f52b8a0,0x17b75f52b8a0
code-move,0x17b75f52b9c0,0x17b75f52b9c0
code-move,0x17b75f52bae0,0x17b75f52bae0
code-move,0x17b75f52bc00,0x17b75f52bc00
code-move,0x17b75f52bd20,0x17b75f52bd20
code-move,0x17b75f52bea0,0x17b75f52bea0
code-move,0x17b75f52c040,0x17b75f52c040
code-move,0x17b75f52c120,0x17b75f52c120
code-move,0x17b75f52c200,0x17b75f52c200
code-move,0x17b75f52c320,0x17b75f52c320
code-move,0x17b75f52c4a0,0x17b75f52c4a0
code-move,0x17b75f52c5c0,0x17b75f52c5c0
code-move,0x17b75f52c6a0,0x17b75f52c6a0
code-move,0x17b75f52c7a0,0x17b75f52c7a0
code-move,0x17b75f52c800,0x17b75f52c800
code-move,0x17b75f52ca20,0x17b75f52ca20
code-move,0x17b75f52cac0,0x17b75f52cac0
code-move,0x17b75f52cbc0,0x17b75f52cbc0
code-move,0x17b75f52cea0,0x17b75f52cea0
code-move,0x17b75f52cf40,0x17b75f52cf40
code-move,0x17b75f52d020,0x17b75f52d020
code-move,0x17b75f52d0c0,0x17b75f52d0c0
code-move,0x17b75f52d280,0x17b75f52d280
code-move,0x17b75f52d440,0x17b75f52d440
code-move,0x17b75f52d4c0,0x17b75f52d4c0
code-move,0x17b75f52d580,0x17b75f52d580
code-move,0x17b75f52d6a0,0x17b75f52d6a0
code-move,0x17b75f52d780,0x17b75f52d780
code-move,0x17b75f52d860,0x17b75f52d860
code-move,0x17b75f52db40,0x17b75f52db40
code-move,0x17b75f52dbe0,0x17b75f52dbe0
code-move,0x17b75f52dc80,0x17b75f52dc80
code-move,0x17b75f52dd20,0x17b75f52dd20
code-move,0x17b75f52e040,0x17b75f52e040
code-move,0x17b75f52e2a0,0x17b75f52e2a0
code-move,0x17b75f52e520,0x17b75f52e520
code-move,0x17b75f52e5c0,0x17b75f52e5c0
code-move,0x17b75f52e660,0x17b75f52e660
code-move,0x17b75f52e700,0x17b75f52e700
code-move,0x17b75f52e7e0,0x17b75f52e7e0
code-move,0x17b75f52ed00,0x17b75f52ed00
code-move,0x17b75f52ede0,0x17b75f52ede0
code-move,0x17b75f52eec0,0x17b75f52eec0
code-move,0x17b75f52efa0,0x17b75f52efa0
code-move,0x17b75f52f080,0x17b75f52f080
code-move,0x17b75f52f160,0x17b75f52f160
code-move,0x17b75f52fb20,0x17b75f52fb20
code-move,0x17b75f52fc00,0x17b75f52fc00
code-move,0x17b75f52fce0,0x17b75f52fce0
code-move,0x17b75f530040,0x17b75f530040
code-move,0x17b75f530120,0x17b75f530120
code-move,0x17b75f530200,0x17b75f530200
code-move,0x17b75f530280,0x17b75f530280
code-move,0x17b75f530300,0x17b75f530300
code-move,0x17b75f530540,0x17b75f530540
code-move,0x17b75f530600,0x17b75f530600
code-move,0x17b75f530720,0x17b75f530720
code-move,0x17b75f5307e0,0x17b75f5307e0
code-move,0x17b75f5308e0,0x17b75f530860
code-move,0x17b75f530a00,0x17b75f530980
code-move,0x17b75f530ae0,0x17b75f530a60
code-move,0x17b75f530c20,0x17b75f530ba0
code-move,0x17b75f530d00,0x17b75f530c80
code-move,0x17b75f530f80,0x17b75f530e40
code-move,0x17b75f531060,0x17b75f530f20
code-move,0x17b75f531140,0x17b75f531000
code-move,0x17b75f5311c0,0x17b75f531080
code-move,0x17b75f531240,0x17b75f531100
code-move,0x17b75f5315a0,0x17b75f531460
code-move,0x17b75f531640,0x17b75f531500
code-move,0x17b75f531760,0x17b75f531620
code-move,0x17b75f5318e0,0x17b75f5317a0
code-move,0x17b75f5319c0,0x17b75f531880
code-move,0x17b75f531aa0,0x17b75f531960
code-move,0x17b75f531ec0,0x17b75f531d80
code-move,0x17b75f532040,0x17b75f531e60
code-move,0x17b75f532120,0x17b75f532040
code-move,0x17b75f532200,0x17b75f532120
code-move,0x17b75f532320,0x17b75f532240
code-move,0x17b75f532400,0x17b75f532320
code-move,0x17b75f532580,0x17b75f5324a0
code-move,0x17b75f532620,0x17b75f532540
code-move,0x17b75f532800,0x17b75f532720
code-move,0x17b75f532c20,0x17b75f532b40
code-move,0x17b75f532d00,0x17b75f532c20
code-move,0x17b75f5330a0,0x17b75f532fc0
code-move,0x17b75f5331c0,0x17b75f5330e0
code-move,0x17b75f5332e0,0x17b75f533200
code-move,0x17b75f533400,0x17b75f533320
code-move,0x17b75f5334e0,0x17b75f533400
code-move,0x17b75f5335c0,0x17b75f5334e0
code-move,0x17b75f5336a0,0x17b75f5335c0
code-move,0x17b75f533780,0x17b75f5336a0
code-move,0x17b75f534040,0x17b75f534040
code-move,0x17b75f5349a0,0x17b75f5349a0
code-move,0x17b75f534a80,0x17b75f534a80
code-move,0x17b75f534b60,0x17b75f534b60
code-move,0x17b75f534d40,0x17b75f534d40
code-move,0x17b75f534dc0,0x17b75f534dc0
code-move,0x17b75f535040,0x17b75f534ea0
code-move,0x17b75f535120,0x17b75f534f80
code-move,0x17b75f535220,0x17b75f535080
code-move,0x17b75f535300,0x17b75f535160
code-move,0x17b75f5353e0,0x17b75f535240
code-move,0x17b75f535780,0x17b75f5355e0
code-move,0x17b75f535920,0x17b75f535780
code-move,0x17b75f535a00,0x17b75f535860
code-move,0x17b75f536040,0x17b75f535e60
code-move,0x17b75f5361a0,0x17b75f536040
code-move,0x17b75f536320,0x17b75f536120
code-move,0x17b75f536440,0x17b75f536240
code-move,0x17b75f5365e0,0x17b75f5363e0
code-move,0x17b75f536860,0x17b75f536660
code-move,0x17b75f5368e0,0x17b75f5366e0
code-move,0x17b75f5369c0,0x17b75f5367c0
code-move,0x17b75f536fa0,0x17b75f536da0
code-move,0x17b75f537080,0x17b75f536e80
code-move,0x17b75f537160,0x17b75f536f60
code-move,0x17b75f537240,0x17b75f537040
code-move,0x17b75f537320,0x17b75f537120
code-move,0x17b75f537d00,0x17b75f537b00
code-move,0x17b75f537dc0,0x17b75f537bc0
code-move,0x17b75f537ea0,0x17b75f537ca0
code-move,0x17b75f538040,0x17b75f537d80
code-move,0x17b75f538120,0x17b75f537e60
code-move,0x17b75f538200,0x17b75f538040
code-move,0x17b75f5383c0,0x17b75f538200
code-move,0x17b75f538440,0x17b75f538280
code-move,0x17b75f538520,0x17b75f538360
code-move,0x17b75f538760,0x17b75f5385a0
code-move,0x17b75f538ac0,0x17b75f538900
code-move,0x17b75f539000,0x17b75f538e40
code-move,0x17b75f5390c0,0x17b75f538f00
code-move,0x17b75f539280,0x17b75f538fc0
code-move,0x17b75f5394a0,0x17b75f5391e0
code-move,0x17b75f539540,0x17b75f539280
code-move,0x17b75f539740,0x17b75f539480
code-move,0x17b75f5398c0,0x17b75f539500
code-move,0x17b75f539b00,0x17b75f5395e0
code-move,0x17b75f539bc0,0x17b75f5396a0
code-move,0x17b75f539ce0,0x17b75f5397c0
code-move,0x17b75f539dc0,0x17b75f5398a0
code-move,0x17b75f53a040,0x17b75f539a00
code-move,0x17b75f53a160,0x17b75f539b20
code-move,0x17b75f53a520,0x17b75f53a040
code-move,0x17b75f53ac60,0x17b75f53a780
code-move,0x17b75f53ae20,0x17b75f53a940
code-move,0x17b75f53afc0,0x17b75f53aae0
code-move,0x17b75f53b2a0,0x17b75f53aba0
code-move,0x17b75f53b4e0,0x17b75f53ac60
code-move,0x17b75f53b5a0,0x17b75f53ad20
code-move,0x17b75f53b7e0,0x17b75f53ade0
code-move,0x17b75f53ba20,0x17b75f53aea0
code-move,0x17b75f53bb00,0x17b75f53af80
code-move,0x17b75f53bbe0,0x17b75f53b060
code-move,0x17b75f53bce0,0x17b75f53b160
code-move,0x17b75f53bdc0,0x17b75f53b240
code-move,0x17b75f53be60,0x17b75f53b2e0
code-move,0x17b75f53bf60,0x17b75f53b3e0
code-move,0x17b75f53c040,0x17b75f53b480
code-move,0x17b75f53c0e0,0x17b75f53b520
code-move,0x17b75f53c160,0x17b75f53c040
code-move,0x17b75f53d540,0x17b75f53d420
code-move,0x17b75f53d740,0x17b75f53d620
code-move,0x17b75f53d960,0x17b75f53d840
code-move,0x17b75f53da00,0x17b75f53d8e0
code-move,0x17b75f53daa0,0x17b75f53d980
code-move,0x17b75f53dba0,0x17b75f53da80
code-move,0x17b75f53dc40,0x17b75f53db20
code-move,0x17b75f53dce0,0x17b75f53dbc0
code-move,0x17b75f53e0c0,0x17b75f53dca0
code-move,0x17b75f53e300,0x17b75f53dd80
code-move,0x17b75f53e480,0x17b75f53de60
code-move,0x17b75f53e520,0x17b75f53df00
code-move,0x17b75f53e5c0,0x17b75f53e040
code-move,0x17b75f53e8a0,0x17b75f53e0e0
code-move,0x17b75f53e9c0,0x17b75f53e200
code-move,0x17b75f53eac0,0x17b75f53e300
code-move,0x17b75f53f2a0,0x17b75f53e960
code-move,0x17b75f53f340,0x17b75f53ea00
code-move,0x17b75f53fa60,0x17b75f53f120
code-move,0x17b75f53fbc0,0x17b75f53f280
code-move,0x17b75f53fd80,0x17b75f53f440
code-move,0x17b75f540040,0x17b75f53f640
code-move,0x17b75f540120,0x17b75f53f720
code-move,0x17b75f540200,0x17b75f53f800
code-move,0x17b75f5409a0,0x17b75f540040
code-move,0x17b75f540a80,0x17b75f540120
code-move,0x17b75f540c60,0x17b75f540300
code-move,0x17b75f540d40,0x17b75f5403e0
code-move,0x17b75f540e00,0x17b75f5404a0
code-move,0x17b75f540e80,0x17b75f540520
code-move,0x17b75f540f80,0x17b75f540620
code-move,0x17b75f541000,0x17b75f5406a0
code-move,0x17b75f5410e0,0x17b75f540780
code-move,0x17b75f541d40,0x17b75f5413e0
code-move,0x17b75f541e80,0x17b75f541520
code-move,0x17b75f542040,0x17b75f541600
code-move,0x17b75f542660,0x17b75f542040
code-move,0x17b75f542c80,0x17b75f542660
code-move,0x17b75f542d40,0x17b75f542720
code-move,0x17b75f542e20,0x17b75f542800
code-move,0x17b75f542fe0,0x17b75f5429c0
code-move,0x17b75f543060,0x17b75f542a40
code-move,0x17b75f5430e0,0x17b75f542ac0
code-move,0x17b75f543340,0x17b75f542d20
code-move,0x17b75f543420,0x17b75f542e00
code-move,0x17b75f5436c0,0x17b75f542ee0
code-move,0x17b75f5437e0,0x17b75f543000
snapshot-code-name,70682,"Stub:BinaryOpStub_SUB_Alloc_Uninitialized"
snapshot-pos,0x17b75f52d440,70682
snapshot-code-name,70799,"Stub:CEntryStub"
snapshot-pos,0x17b75f524300,70799
snapshot-code-name,71601,"Stub:CompareICStub"
snapshot-pos,0x17b75f52ab20,71601
snapshot-code-name,71834,"Stub:BinaryOpStub_SAR_Alloc_Uninitialized"
snapshot-pos,0x17b75f530200,71834
snapshot-code-name,72013,"Stub:BinaryOpStub_SAR_Alloc_SMI"
snapshot-pos,0x17b75f530600,72013
snapshot-code-name,72325,"Stub:FastCloneShallowArrayStub"
snapshot-pos,0x17b75f52e700,72325
snapshot-code-name,72571,"Stub:CompareICStub"
snapshot-pos,0x17b75f530720,72571
snapshot-code-name,72792,"Stub:BinaryOpStub_BIT_OR_Alloc_SMI"
snapshot-pos,0x17b75f53d980,72792
snapshot-code-name,73071,"Stub:FastNewClosureStub"
snapshot-pos,0x17b75f533320,73071
snapshot-code-name,73375,"Stub:NumberToStringStub"
snapshot-pos,0x17b75f52dd20,73375
snapshot-code-name,73741,"Stub:CompareICStub"
snapshot-pos,0x17b75f530540,73741
snapshot-code-name,73952,"Stub:FastCloneShallowArrayStub"
snapshot-pos,0x17b75f53e200,73952
snapshot-code-name,74258,"Stub:CompareStub_EQ"
snapshot-pos,0x17b75f53f440,74258
snapshot-code-name,74803,"Stub:CompareICStub"
snapshot-pos,0x17b75f52e5c0,74803
snapshot-code-name,74982,"Stub:FastCloneShallowArrayStub"
snapshot-pos,0x17b75f535160,74982
snapshot-code-name,75301,"Stub:FastNewContextStub"
snapshot-pos,0x17b75f52d6a0,75301
snapshot-code-name,75620,"Stub:CompareICStub"
snapshot-pos,0x17b75f52ca20,75620
snapshot-code-name,75799,"Stub:CompareICStub"
snapshot-pos,0x17b75f53e960,75799
snapshot-code-name,75988,"Stub:BinaryOpStub_ADD_Alloc_Uninitialized"
snapshot-pos,0x17b75f530280,75988
snapshot-code-name,76212,"Stub:CallFunctionStub_Args2"
snapshot-pos,0x17b75f533400,76212
snapshot-code-name,76344,"Builtin:ArgumentsAdaptorTrampoline"
snapshot-pos,0x17b75f524c00,76344
snapshot-code-name,76789,"Stub:StringAddStub"
snapshot-pos,0x17b75f538900,76789
snapshot-code-name,78159,"Stub:ArgumentsAccessStub_ReadElement"
snapshot-pos,0x17b75f52d4c0,78159
snapshot-code-name,78385,"Stub:StringAddStub"
snapshot-pos,0x17b75f52afa0,78385
snapshot-code-name,79788,"Stub:StringAddStub"
snapshot-pos,0x17b75f542040,79788
snapshot-code-name,81462,"Stub:BinaryOpStub_ADD_OverwriteLeft_Uninitialized"
snapshot-pos,0x17b75f531000,81462
snapshot-code-name,81612,"Stub:BinaryOpStub_MUL_Alloc_Uninitialized"
snapshot-pos,0x17b75f5429c0,81612
snapshot-code-name,81772,"Stub:BinaryOpStub_ADD_Alloc_Strings"
snapshot-pos,0x17b75f542660,81772
snapshot-code-name,81865,"Stub:StringAddStub"
snapshot-pos,0x17b75f541600,81865
snapshot-code-name,83560,"Stub:CompareICStub"
snapshot-pos,0x17b75f538f00,83560
snapshot-code-name,83824,"Stub:CompareICStub"
snapshot-pos,0x17b75f52e660,83824
snapshot-code-name,84057,"Stub:JSConstructEntryStub"
snapshot-pos,0x17b75f5241a0,84057
snapshot-code-name,84422,"Stub:ToBooleanStub_None"
snapshot-pos,0x17b75f52c7a0,84422
snapshot-code-name,84603,"Stub:BinaryOpStub_ADD_Alloc_BothStrings"
snapshot-pos,0x17b75f538e40,84603
snapshot-code-name,84827,"Stub:ToBooleanStub_Undefined"
snapshot-pos,0x17b75f539480,84827
snapshot-code-name,84996,"Stub:FastCloneShallowArrayStub"
snapshot-pos,0x17b75f52cac0,84996
snapshot-code-name,85292,"Stub:BinaryOpStub_ADD_Alloc_SMI"
snapshot-pos,0x17b75f530860,85292
snapshot-code-name,85603,"Stub:CompareStub_EQ_STRICT"
snapshot-pos,0x17b75f538fc0,85603
snapshot-code-name,86187,"Stub:StringDictionaryNegativeLookupStub"
snapshot-pos,0x17b75f5275c0,86187
snapshot-code-name,87196,"Stub:BinaryOpStub_ADD_OverwriteLeft_SMI"
snapshot-pos,0x17b75f531500,87196
snapshot-code-name,87598,"Stub:KeyedLoadElementStub"
snapshot-pos,0x17b75f5307e0,87598
snapshot-code-name,87719,"Builtin:KeyedLoadIC_MissForceGeneric"
snapshot-pos,0x17b75f5259a0,87719
snapshot-code-name,87849,"Stub:CallFunctionStub_Args0"
snapshot-pos,0x17b75f532b40,87849
snapshot-code-name,88119,"Stub:CallFunctionStub_Args3"
snapshot-pos,0x17b75f5334e0,88119
snapshot-code-name,88370,"Stub:CallFunctionStub_Args1"
snapshot-pos,0x17b75f537e60,88370
snapshot-code-name,88631,"Stub:StringDictionaryNegativeLookupStub"
snapshot-pos,0x17b75f526940,88631
snapshot-code-name,89615,"Stub:FastCloneShallowArrayStub"
snapshot-pos,0x17b75f52c6a0,89615
snapshot-code-name,89974,"Stub:StringDictionaryNegativeLookupStub"
snapshot-pos,0x17b75f526040,89974
snapshot-code-name,91019,"Stub:FastNewContextStub"
snapshot-pos,0x17b75f5397c0,91019
snapshot-code-name,91265,"Stub:CompareICStub"
snapshot-pos,0x17b75f52e520,91265
snapshot-code-name,91443,"Stub:ToBooleanStub_Bool"
snapshot-pos,0x17b75f534d40,91443
snapshot-code-name,91657,"Stub:CompareICStub"
snapshot-pos,0x17b75f5324a0,91657
snapshot-code-name,91863,"Stub:ArgumentsAccessStub_NewNonStrictSlow"
snapshot-pos,0x17b75f52d020,91863
snapshot-code-name,92064,"Stub:ToNumberStub"
snapshot-pos,0x17b75f531080,92064
snapshot-code-name,92309,"Stub:ToBooleanStub_SpecObject"
snapshot-pos,0x17b75f531460,92309
snapshot-code-name,92491,"Stub:BinaryOpStub_BIT_OR_Alloc_Uninitialized"
snapshot-pos,0x17b75f53b520,92491
snapshot-code-name,92651,"Stub:BinaryOpStub_ADD_OverwriteRight_Uninitialized"
snapshot-pos,0x17b75f542a40,92651
snapshot-code-name,92811,"Stub:StackCheckStub"
snapshot-pos,0x17b75f5292e0,92811
snapshot-code-name,92975,"Stub:CompareICStub"
snapshot-pos,0x17b75f53ac60,92975
snapshot-code-name,93184,"Stub:CompareICStub"
snapshot-pos,0x17b75f53f640,93184
snapshot-code-name,93464,"Stub:StringCompareStub"
snapshot-pos,0x17b75f52aa20,93464
snapshot-code-name,93771,"Stub:JSEntryStub"
snapshot-pos,0x17b75f524040,93771
snapshot-code-name,94265,"CallInitialize:36"
snapshot-pos,0x17b75f5366e0,94265
snapshot-code-name,94526,"CallInitialize:2"
snapshot-pos,0x17b75f52d780,94526
snapshot-code-name,94769,"CallPreMonomorphic:12"
snapshot-pos,0x17b75f530e40,94769
snapshot-code-name,95022,"CallPreMonomorphic:30"
snapshot-pos,0x17b75f537d80,95022
snapshot-code-name,95373,"CallInitialize:12"
snapshot-pos,0x17b75f52eec0,95373
snapshot-code-name,95644,"CallPreMonomorphic:6"
snapshot-pos,0x17b75f535080,95644
snapshot-code-name,95915,"CallInitialize:10"
snapshot-pos,0x17b75f52fc00,95915
snapshot-code-name,96158,"CallPreMonomorphic:92"
snapshot-pos,0x17b75f540040,96158
snapshot-code-name,96428,"CallPreMonomorphic:5"
snapshot-pos,0x17b75f537bc0,96428
snapshot-code-name,96671,"CallMiss:0"
snapshot-pos,0x17b75f53dbc0,96671
snapshot-code-name,96914,"CallInitialize:1"
snapshot-pos,0x17b75f52a040,96914
snapshot-code-name,97156,"CallInitialize:92"
snapshot-pos,0x17b75f53f720,97156
snapshot-code-name,97408,"CallPreMonomorphic:70"
snapshot-pos,0x17b75f535e60,97408
snapshot-code-name,97650,"CallPreMonomorphic:10"
snapshot-pos,0x17b75f530040,97650
snapshot-code-name,97893,"CallPreMonomorphic:4"
snapshot-pos,0x17b75f532240,97893
snapshot-code-name,98146,"CallInitialize:6"
snapshot-pos,0x17b75f5336a0,98146
snapshot-code-name,98391,"CallPreMonomorphic:38"
snapshot-pos,0x17b75f530f20,98391
snapshot-code-name,98688,"CallMiss:3"
snapshot-pos,0x17b75f536040,98688
snapshot-code-name,98977,"CallPreMonomorphic:3"
snapshot-pos,0x17b75f530120,98977
snapshot-code-name,99257,"CallInitialize:38"
snapshot-pos,0x17b75f52efa0,99257
snapshot-code-name,99509,"CallMiss:2"
snapshot-pos,0x17b75f542e00,99509
snapshot-code-name,99751,"CallPreMonomorphic:36"
snapshot-pos,0x17b75f536da0,99751
snapshot-code-name,99993,"CallInitialize:20"
snapshot-pos,0x17b75f5317a0,99993
snapshot-code-name,100254,"CallPreMonomorphic:26"
snapshot-pos,0x17b75f531e60,100254
snapshot-code-name,100496,"CallInitialize:14"
snapshot-pos,0x17b75f536f60,100496
snapshot-code-name,100739,"CallMiss:1"
snapshot-pos,0x17b75f53dd80,100739
snapshot-code-name,100982,"CallPreMonomorphic:8"
snapshot-pos,0x17b75f541520,100982
snapshot-code-name,101235,"CallInitialize:70"
snapshot-pos,0x17b75f535780,101235
snapshot-code-name,101523,"CallInitialize:0"
snapshot-pos,0x17b75f53af80,101523
snapshot-code-name,101766,"CallPreMonomorphic:1"
snapshot-pos,0x17b75f530ba0,101766
snapshot-code-name,102009,"CallInitialize:26"
snapshot-pos,0x17b75f531880,102009
snapshot-code-name,102261,"CallPreMonomorphic:14"
snapshot-pos,0x17b75f537ca0,102261
snapshot-code-name,102504,"CallPreMonomorphic:0"
snapshot-pos,0x17b75f53b160,102504
snapshot-code-name,102747,"CallInitialize:30"
snapshot-pos,0x17b75f537040,102747
snapshot-code-name,103026,"CallPreMonomorphic:2"
snapshot-pos,0x17b75f5349a0,103026
snapshot-code-name,103269,"CallPreMonomorphic:42"
snapshot-pos,0x17b75f534ea0,103269
snapshot-code-name,103566,"CallInitialize:8"
snapshot-pos,0x17b75f5406a0,103566
snapshot-code-name,103809,"CallMiss:1"
snapshot-pos,0x17b75f534dc0,103809
snapshot-code-name,104051,"CallInitialize:2"
snapshot-pos,0x17b75f52a120,104051
snapshot-code-name,104312,"CallPreMonomorphic:2"
snapshot-pos,0x17b75f542720,104312
snapshot-code-name,104554,"CallInitialize:3"
snapshot-pos,0x17b75f52f080,104554
snapshot-code-name,104861,"CallInitialize:1"
snapshot-pos,0x17b75f530980,104861
snapshot-code-name,105104,"CallPreMonomorphic:1"
snapshot-pos,0x17b75f534a80,105104
snapshot-code-name,105346,"CallInitialize:5"
snapshot-pos,0x17b75f536e80,105346
snapshot-code-name,105589,"CallPreMonomorphic:20"
snapshot-pos,0x17b75f531d80,105589
snapshot-code-name,105831,"CallInitialize:42"
snapshot-pos,0x17b75f5335c0,105831
snapshot-code-name,106083,"CallInitialize:0"
snapshot-pos,0x17b75f52ede0,106083
snapshot-code-name,106345,"CallInitialize:4"
snapshot-pos,0x17b75f532040,106345
snapshot-code-name,106616,"CallMiss:2"
snapshot-pos,0x17b75f539500,106616
snapshot-code-name,106859,"CallPreMonomorphic:0"
snapshot-pos,0x17b75f52fb20,106859
snapshot-code-name,134940,"Builtin:Return_DebugBreak"
snapshot-pos,0x17b75f529700,134940
snapshot-code-name,135096,"Builtin:Slot_DebugBreak"
snapshot-pos,0x17b75f529b60,135096
snapshot-code-name,135309,"Script:native regexp.js"
snapshot-pos,0x17b75f540120,135309
snapshot-code-name,135588,"Builtin:LazyCompile"
snapshot-pos,0x17b75f5255c0,135588
snapshot-code-name,135717,"Builtin:JSConstructStubGeneric"
snapshot-pos,0x17b75f525000,135717
snapshot-code-name,140443,"LazyCompile:RegExpConstructor native regexp.js:86"
snapshot-pos,0x17b75f5413e0,140443
snapshot-code-name,140745,"Builtin:LoadIC_Initialize"
snapshot-pos,0x17b75f525be0,140745
snapshot-code-name,140865,"Builtin:JSConstructCall"
snapshot-pos,0x17b75f524d00,140865
snapshot-code-name,142731,"LazyCompile:RegExpMakeCaptureGetter native regexp.js:370"
snapshot-pos,0x17b75f542d20,142731
snapshot-code-name,142945,"Function: native regexp.js:371"
snapshot-pos,0x17b75f542ac0,142945
snapshot-code-name,143375,"Builtin:KeyedLoadIC_Initialize"
snapshot-pos,0x17b75f526880,143375
snapshot-code-name,144270,"LazyCompile:SetUpRegExp native regexp.js:408"
snapshot-pos,0x17b75f540780,144270
snapshot-code-name,145052,"Function:RegExpGetInput native regexp.js:428"
snapshot-pos,0x17b75f540300,145052
snapshot-code-name,145487,"Function:RegExpSetInput native regexp.js:432"
snapshot-pos,0x17b75f5403e0,145487
snapshot-code-name,145688,"Builtin:KeyedStoreIC_Initialize"
snapshot-pos,0x17b75f5281c0,145688
snapshot-code-name,146023,"Function:RegExpGetMultiline native regexp.js:452"
snapshot-pos,0x17b75f5404a0,146023
snapshot-code-name,146359,"Function:RegExpSetMultiline native regexp.js:453"
snapshot-pos,0x17b75f540520,146359
snapshot-code-name,146807,"Function:NoOpSetter native regexp.js:461"
snapshot-pos,0x17b75f540620,146807
snapshot-code-name,150716,"Script:native v8natives.js"
snapshot-pos,0x17b75f52f160,150716
snapshot-code-name,151366,"LazyCompile:InstallFunctions native v8natives.js:48"
snapshot-pos,0x17b75f530300,151366
snapshot-code-name,164949,"LazyCompile:InstallFunctionsOnHiddenPrototype native v8natives.js:67"
snapshot-pos,0x17b75f534f80,164949
snapshot-code-name,165423,"LazyCompile:SetUpLockedPrototype native v8natives.js:79"
snapshot-pos,0x17b75f531100,165423
snapshot-code-name,166366,"Builtin:StoreIC_Initialize"
snapshot-pos,0x17b75f5274a0,166366
snapshot-code-name,166917,"LazyCompile:isFinite native v8natives.js:115"
snapshot-pos,0x17b75f53f280,166917
snapshot-code-name,167995,"LazyCompile:SetUpGlobal native v8natives.js:193"
snapshot-pos,0x17b75f52fce0,167995
snapshot-code-name,169294,"LazyCompile:hasOwnProperty native v8natives.js:264"
snapshot-pos,0x17b75f534b60,169294
snapshot-code-name,171321,"LazyCompile:IsAccessorDescriptor native v8natives.js:360"
snapshot-pos,0x17b75f53b060,171321
snapshot-code-name,171850,"LazyCompile:IsDataDescriptor native v8natives.js:367"
snapshot-pos,0x17b75f53b2e0,171850
snapshot-code-name,172380,"LazyCompile:IsGenericDescriptor native v8natives.js:374"
snapshot-pos,0x17b75f53dca0,172380
snapshot-code-name,172802,"LazyCompile:IsInconsistentDescriptor native v8natives.js:379"
snapshot-pos,0x17b75f53aea0,172802
snapshot-code-name,173492,"LazyCompile:ToPropertyDescriptor native v8natives.js:432"
snapshot-pos,0x17b75f53a040,173492
snapshot-code-name,176374,"LazyCompile:PropertyDescriptor native v8natives.js:494"
snapshot-pos,0x17b75f53a780,176374
snapshot-code-name,177437,"LazyCompile:ConvertDescriptorArrayToDescriptor native v8natives.js:593"
snapshot-pos,0x17b75f53d620,177437
snapshot-code-name,178959,"LazyCompile:DefineOwnProperty native v8natives.js:692"
snapshot-pos,0x17b75f53c040,178959
snapshot-code-name,187529,"LazyCompile:SetUpObject native v8natives.js:1186"
snapshot-pos,0x17b75f531960,187529
snapshot-code-name,189069,"LazyCompile:SetUpBoolean native v8natives.js:1249"
snapshot-pos,0x17b75f532120,189069
snapshot-code-name,190259,"LazyCompile:SetUpNumber native v8natives.js:1372"
snapshot-pos,0x17b75f532720,190259
snapshot-code-name,192171,"LazyCompile:NewFunction native v8natives.js:1527"
snapshot-pos,0x17b75f532c20,192171
snapshot-code-name,193670,"LazyCompile:SetUpFunction native v8natives.js:1553"
snapshot-pos,0x17b75f532fc0,193670
snapshot-code-name,194318,"LazyCompile:$Object.constructor native v8natives.js:220"
snapshot-pos,0x17b75f530a60,194318
snapshot-code-name,195750,"LazyCompile:$Array.enumerable_ native v8natives.js:535"
snapshot-pos,0x17b75f53b3e0,195750
snapshot-code-name,196102,"LazyCompile:$Array.writable_ native v8natives.js:538"
snapshot-pos,0x17b75f53aae0,196102
snapshot-code-name,196590,"LazyCompile:$Array.writable_ native v8natives.js:542"
snapshot-pos,0x17b75f53d8e0,196590
snapshot-code-name,196942,"LazyCompile:$Array.writable_ native v8natives.js:545"
snapshot-pos,0x17b75f53d840,196942
snapshot-code-name,197618,"LazyCompile:$Array.configurable_ native v8natives.js:555"
snapshot-pos,0x17b75f53b480,197618
snapshot-code-name,197970,"LazyCompile:$Array.get_ native v8natives.js:558"
snapshot-pos,0x17b75f53aba0,197970
snapshot-code-name,198433,"LazyCompile:$Array.get_ native v8natives.js:562"
snapshot-pos,0x17b75f53da80,198433
snapshot-code-name,198785,"LazyCompile:$Array.get_ native v8natives.js:565"
snapshot-pos,0x17b75f53db20,198785
snapshot-code-name,199137,"LazyCompile:$Array.set_ native v8natives.js:568"
snapshot-pos,0x17b75f53ad20,199137
snapshot-code-name,199602,"LazyCompile:$Array.set_ native v8natives.js:572"
snapshot-pos,0x17b75f53de60,199602
snapshot-code-name,199954,"LazyCompile:$Array.set_ native v8natives.js:575"
snapshot-pos,0x17b75f53b240,199954
snapshot-code-name,200306,"LazyCompile:d native v8natives.js:578"
snapshot-pos,0x17b75f53ade0,200306
snapshot-code-name,200734,"LazyCompile:d native v8natives.js:582"
snapshot-pos,0x17b75f53e040,200734
snapshot-code-name,201087,"LazyCompile: native v8natives.js:585"
snapshot-pos,0x17b75f53df00,201087
snapshot-code-name,201479,"LazyCompile:a native v8natives.js:1171"
snapshot-pos,0x17b75f531620,201479
snapshot-code-name,202178,"LazyCompile:b native v8natives.js:1264"
snapshot-pos,0x17b75f532320,202178
snapshot-code-name,203210,"Script:native string.js"
snapshot-pos,0x17b75f535240,203210
snapshot-code-name,217699,"LazyCompile:SetUpString native string.js:943"
snapshot-pos,0x17b75f535860,217699
snapshot-code-name,219463,"LazyCompile:b native string.js:36"
snapshot-pos,0x17b75f5355e0,219463
snapshot-code-name,221241,"Script:native runtime.js"
snapshot-pos,0x17b75f529ce0,221241
snapshot-code-name,221605,"LazyCompile:EQUALS native runtime.js:54"
snapshot-pos,0x17b75f52a200,221605
snapshot-code-name,229276,"LazyCompile:STRICT_EQUALS native runtime.js:100"
snapshot-pos,0x17b75f52a8c0,229276
snapshot-code-name,229837,"LazyCompile:COMPARE native runtime.js:120"
snapshot-pos,0x17b75f52abc0,229837
snapshot-code-name,231129,"LazyCompile:ADD native runtime.js:163"
snapshot-pos,0x17b75f52b500,231129
snapshot-code-name,232036,"LazyCompile:STRING_ADD_LEFT native runtime.js:183"
snapshot-pos,0x17b75f52e040,232036
snapshot-code-name,232861,"LazyCompile:STRING_ADD_RIGHT native runtime.js:198"
snapshot-pos,0x17b75f52e2a0,232861
snapshot-code-name,233721,"LazyCompile:SUB native runtime.js:214"
snapshot-pos,0x17b75f52b780,233721
snapshot-code-name,234217,"LazyCompile:MUL native runtime.js:222"
snapshot-pos,0x17b75f52b8a0,234217
snapshot-code-name,234715,"LazyCompile:DIV native runtime.js:230"
snapshot-pos,0x17b75f52b9c0,234715
snapshot-code-name,235211,"LazyCompile:MOD native runtime.js:238"
snapshot-pos,0x17b75f52bae0,235211
snapshot-code-name,235707,"LazyCompile:BIT_OR native runtime.js:252"
snapshot-pos,0x17b75f52bc00,235707
snapshot-code-name,236205,"LazyCompile:BIT_AND native runtime.js:260"
snapshot-pos,0x17b75f52bd20,236205
snapshot-code-name,236819,"LazyCompile:BIT_XOR native runtime.js:282"
snapshot-pos,0x17b75f52bea0,236819
snapshot-code-name,237323,"LazyCompile:UNARY_MINUS native runtime.js:290"
snapshot-pos,0x17b75f52c040,237323
snapshot-code-name,237740,"LazyCompile:BIT_NOT native runtime.js:297"
snapshot-pos,0x17b75f52c120,237740
snapshot-code-name,238157,"LazyCompile:SHL native runtime.js:304"
snapshot-pos,0x17b75f52c200,238157
snapshot-code-name,238653,"LazyCompile:SAR native runtime.js:312"
snapshot-pos,0x17b75f52c320,238653
snapshot-code-name,239267,"LazyCompile:SHR native runtime.js:334"
snapshot-pos,0x17b75f52c4a0,239267
snapshot-code-name,239763,"LazyCompile:DELETE native runtime.js:348"
snapshot-pos,0x17b75f52c5c0,239763
snapshot-code-name,240179,"LazyCompile:IN native runtime.js:354"
snapshot-pos,0x17b75f52c800,240179
snapshot-code-name,240984,"LazyCompile:INSTANCE_OF native runtime.js:367"
snapshot-pos,0x17b75f52cbc0,240984
snapshot-code-name,242066,"LazyCompile:GET_KEYS native runtime.js:391"
snapshot-pos,0x17b75f52cea0,242066
snapshot-code-name,242418,"LazyCompile:FILTER_KEY native runtime.js:399"
snapshot-pos,0x17b75f52cf40,242418
snapshot-code-name,242854,"LazyCompile:CALL_NON_FUNCTION native runtime.js:406"
snapshot-pos,0x17b75f52d0c0,242854
snapshot-code-name,243588,"LazyCompile:CALL_NON_FUNCTION_AS_CONSTRUCTOR native runtime.js:415"
snapshot-pos,0x17b75f52d280,243588
snapshot-code-name,244269,"LazyCompile:CALL_FUNCTION_PROXY native runtime.js:424"
snapshot-pos,0x17b75f52d580,244269
snapshot-code-name,244810,"LazyCompile:CALL_FUNCTION_PROXY_AS_CONSTRUCTOR native runtime.js:432"
snapshot-pos,0x17b75f52d860,244810
snapshot-code-name,245883,"LazyCompile:APPLY_PREPARE native runtime.js:449"
snapshot-pos,0x17b75f52e7e0,245883
snapshot-code-name,247619,"LazyCompile:APPLY_OVERFLOW native runtime.js:486"
snapshot-pos,0x17b75f52ed00,247619
snapshot-code-name,248033,"LazyCompile:TO_OBJECT native runtime.js:492"
snapshot-pos,0x17b75f52db40,248033
snapshot-code-name,248384,"LazyCompile:TO_NUMBER native runtime.js:498"
snapshot-pos,0x17b75f52dbe0,248384
snapshot-code-name,248735,"LazyCompile:TO_STRING native runtime.js:504"
snapshot-pos,0x17b75f52dc80,248735
snapshot-code-name,249052,"LazyCompile:ToPrimitive native runtime.js:516"
snapshot-pos,0x17b75f542800,249052
snapshot-code-name,249761,"LazyCompile:ToBoolean native runtime.js:527"
snapshot-pos,0x17b75f530c80,249761
snapshot-code-name,250380,"LazyCompile:ToNumber native runtime.js:537"
snapshot-pos,0x17b75f532540,250380
snapshot-code-name,251142,"LazyCompile:ToString native runtime.js:560"
snapshot-pos,0x17b75f53a940,251142
snapshot-code-name,251812,"LazyCompile:ToObject native runtime.js:577"
snapshot-pos,0x17b75f53d420,251812
snapshot-code-name,253936,"Script:native date.js"
snapshot-pos,0x17b75f53e300,253936
snapshot-code-name,266294,"LazyCompile:TimeClip native date.js:378"
snapshot-pos,0x17b75f53f120,266294
snapshot-code-name,275406,"LazyCompile:SetUpDate native date.js:1051"
snapshot-pos,0x17b75f53f800,275406
snapshot-code-name,278760,"LazyCompile:WeekDays native date.js:398"
snapshot-pos,0x17b75f53ea00,278760
snapshot-code-name,282923,"Script:native math.js"
snapshot-pos,0x17b75f5363e0,282923
snapshot-code-name,283271,"LazyCompile:MathConstructor native math.js:38"
snapshot-pos,0x17b75f536660,283271
snapshot-code-name,288482,"LazyCompile:SetUpMath native math.js:198"
snapshot-pos,0x17b75f5367c0,288482
snapshot-code-name,291039,"Script:native array.js"
snapshot-pos,0x17b75f5330e0,291039
snapshot-code-name,306622,"LazyCompile:SetUpArray native array.js:1317"
snapshot-pos,0x17b75f534040,306622
snapshot-code-name,307320,"Function:getFunction native array.js:1330"
snapshot-pos,0x17b75f533200,307320
snapshot-code-name,310301,"Script:native apinatives.js"
snapshot-pos,0x17b75f53e0e0,310301
snapshot-code-name,311460,"Script:native messages.js"
snapshot-pos,0x17b75f537120,311460
snapshot-code-name,322548,"LazyCompile:MakeGenericError native messages.js:107"
snapshot-pos,0x17b75f5396a0,322548
snapshot-code-name,323483,"LazyCompile:MakeRangeError native messages.js:297"
snapshot-pos,0x17b75f5395e0,323483
snapshot-code-name,326487,"LazyCompile:DefineOneShotAccessor native messages.js:727"
snapshot-pos,0x17b75f539b20,326487
snapshot-code-name,326826,"Function:getter native messages.js:733"
snapshot-pos,0x17b75f5398a0,326826
snapshot-code-name,327374,"Function:setter native messages.js:741"
snapshot-pos,0x17b75f539a00,327374
snapshot-code-name,330906,"LazyCompile:captureStackTrace native messages.js:1054"
snapshot-pos,0x17b75f539280,330906
snapshot-code-name,331507,"Function: native messages.js:1063"
snapshot-pos,0x17b75f5391e0,331507
snapshot-code-name,332064,"LazyCompile:SetUpError native messages.js:1069"
snapshot-pos,0x17b75f538040,332064
snapshot-code-name,332303,"LazyCompile:DefineError native messages.js:1072"
snapshot-pos,0x17b75f5385a0,332303
snapshot-code-name,332690,"Function:ErrorPrototype native messages.js:1088"
snapshot-pos,0x17b75f538200,332690
snapshot-code-name,333505,"Function: native messages.js:1104"
snapshot-pos,0x17b75f538360,333505
snapshot-code-name,333965,"Function: native messages.js:1115"
snapshot-pos,0x17b75f538280,333965
snapshot-code-name,336723,"LazyCompile:b native messages.js:124"
snapshot-pos,0x17b75f537b00,336723
snapshot-code-name,339807,"Script:native json.js"
snapshot-pos,0x17b75f542ee0,339807
snapshot-code-name,344040,"LazyCompile:SetUpJSON native json.js:340"
snapshot-pos,0x17b75f543000,344040
snapshot-code-name,344812,"Script:native uri.js"
snapshot-pos,0x17b75f536120,344812
snapshot-code-name,350764,"LazyCompile:SetUpUri native uri.js:395"
snapshot-pos,0x17b75f536240,350764
snapshot-code-name,352539,"Builtin:Illegal"
snapshot-pos,0x17b75f524600,352539
snapshot-code-name,352640,"Builtin:EmptyFunction"
snapshot-pos,0x17b75f524660,352640
snapshot-code-name,352741,"Builtin:ArrayCodeGeneric"
snapshot-pos,0x17b75f5246c0,352741
snapshot-code-name,352842,"Builtin:ArrayPush"
snapshot-pos,0x17b75f524720,352842
snapshot-code-name,352943,"Builtin:ArrayPop"
snapshot-pos,0x17b75f524780,352943
snapshot-code-name,353044,"Builtin:ArrayShift"
snapshot-pos,0x17b75f5247e0,353044
snapshot-code-name,353145,"Builtin:ArrayUnshift"
snapshot-pos,0x17b75f524840,353145
snapshot-code-name,353246,"Builtin:ArraySlice"
snapshot-pos,0x17b75f5248a0,353246
snapshot-code-name,353347,"Builtin:ArraySplice"
snapshot-pos,0x17b75f524900,353347
snapshot-code-name,353448,"Builtin:ArrayConcat"
snapshot-pos,0x17b75f524960,353448
snapshot-code-name,353549,"Builtin:HandleApiCall"
snapshot-pos,0x17b75f5249c0,353549
snapshot-code-name,353649,"Builtin:FastHandleApiCall"
snapshot-pos,0x17b75f524a20,353649
snapshot-code-name,353750,"Builtin:HandleApiCallConstruct"
snapshot-pos,0x17b75f524a80,353750
snapshot-code-name,353850,"Builtin:HandleApiCallAsFunction"
snapshot-pos,0x17b75f524ae0,353850
snapshot-code-name,353951,"Builtin:HandleApiCallAsConstructor"
snapshot-pos,0x17b75f524b40,353951
snapshot-code-name,354052,"Builtin:StrictModePoisonPill"
snapshot-pos,0x17b75f524ba0,354052
snapshot-code-name,354159,"Builtin:JSConstructStubCountdown"
snapshot-pos,0x17b75f524da0,354159
snapshot-code-name,354765,"Builtin:JSConstructStubApi"
snapshot-pos,0x17b75f525240,354765
snapshot-code-name,355308,"Builtin:JSEntryTrampoline"
snapshot-pos,0x17b75f525460,355308
snapshot-code-name,355505,"Builtin:JSConstructEntryTrampoline"
snapshot-pos,0x17b75f525520,355505
snapshot-code-name,355673,"Builtin:LazyRecompile"
snapshot-pos,0x17b75f525640,355673
snapshot-code-name,355800,"Builtin:NotifyDeoptimized"
snapshot-pos,0x17b75f5256c0,355800
snapshot-code-name,355997,"Builtin:NotifyLazyDeoptimized"
snapshot-pos,0x17b75f525780,355997
snapshot-code-name,356194,"Builtin:NotifyOSR"
snapshot-pos,0x17b75f525840,356194
snapshot-code-name,356354,"Builtin:LoadIC_Miss"
snapshot-pos,0x17b75f5258e0,356354
snapshot-code-name,356454,"Builtin:KeyedLoadIC_Miss"
snapshot-pos,0x17b75f525940,356454
snapshot-code-name,356557,"Builtin:KeyedLoadIC_Slow"
snapshot-pos,0x17b75f525a00,356557
snapshot-code-name,356657,"Builtin:StoreIC_Miss"
snapshot-pos,0x17b75f525a60,356657
snapshot-code-name,356757,"Builtin:KeyedStoreIC_Miss"
snapshot-pos,0x17b75f525ac0,356757
snapshot-code-name,356857,"Builtin:KeyedStoreIC_MissForceGeneric"
snapshot-pos,0x17b75f525b20,356857
snapshot-code-name,356957,"Builtin:KeyedStoreIC_Slow"
snapshot-pos,0x17b75f525b80,356957
snapshot-code-name,357060,"Builtin:LoadIC_PreMonomorphic"
snapshot-pos,0x17b75f525c40,357060
snapshot-code-name,357162,"Builtin:LoadIC_Normal"
snapshot-pos,0x17b75f526400,357162
snapshot-code-name,357521,"Builtin:LoadIC_ArrayLength"
snapshot-pos,0x17b75f526560,357521
snapshot-code-name,357624,"Builtin:LoadIC_StringLength"
snapshot-pos,0x17b75f5265c0,357624
snapshot-code-name,357761,"Builtin:LoadIC_StringWrapperLength"
snapshot-pos,0x17b75f526640,357761
snapshot-code-name,357930,"Builtin:LoadIC_FunctionPrototype"
snapshot-pos,0x17b75f5266e0,357930
snapshot-code-name,358098,"Builtin:LoadIC_Megamorphic"
snapshot-pos,0x17b75f526780,358098
snapshot-code-name,358362,"Builtin:KeyedLoadIC_PreMonomorphic"
snapshot-pos,0x17b75f5268e0,358362
snapshot-code-name,358462,"Builtin:KeyedLoadIC_Generic"
snapshot-pos,0x17b75f526d00,358462
snapshot-code-name,359270,"Builtin:KeyedLoadIC_String"
snapshot-pos,0x17b75f527020,359270
snapshot-code-name,359965,"Builtin:KeyedLoadIC_IndexedInterceptor"
snapshot-pos,0x17b75f5272e0,359965
snapshot-code-name,360126,"Builtin:KeyedLoadIC_NonStrictArguments"
snapshot-pos,0x17b75f527380,360126
snapshot-code-name,360424,"Builtin:StoreIC_ArrayLength"
snapshot-pos,0x17b75f527500,360424
snapshot-code-name,360617,"Builtin:StoreIC_Normal"
snapshot-pos,0x17b75f527980,360617
snapshot-code-name,361038,"Builtin:StoreIC_Megamorphic"
snapshot-pos,0x17b75f527b20,361038
snapshot-code-name,361335,"Builtin:StoreIC_GlobalProxy"
snapshot-pos,0x17b75f527c40,361335
snapshot-code-name,361435,"Builtin:StoreIC_Initialize_Strict"
snapshot-pos,0x17b75f527ca0,361435
snapshot-code-name,361535,"Builtin:StoreIC_ArrayLength_Strict"
snapshot-pos,0x17b75f527d00,361535
snapshot-code-name,361728,"Builtin:StoreIC_Normal_Strict"
snapshot-pos,0x17b75f527dc0,361728
snapshot-code-name,362149,"Builtin:StoreIC_Megamorphic_Strict"
snapshot-pos,0x17b75f528040,362149
snapshot-code-name,362446,"Builtin:StoreIC_GlobalProxy_Strict"
snapshot-pos,0x17b75f528160,362446
snapshot-code-name,362549,"Builtin:KeyedStoreIC_Generic"
snapshot-pos,0x17b75f528220,362549
snapshot-code-name,362874,"Builtin:KeyedStoreIC_Initialize_Strict"
snapshot-pos,0x17b75f528360,362874
snapshot-code-name,362974,"Builtin:KeyedStoreIC_Generic_Strict"
snapshot-pos,0x17b75f5283c0,362974
snapshot-code-name,363299,"Builtin:KeyedStoreIC_NonStrictArguments"
snapshot-pos,0x17b75f528500,363299
snapshot-code-name,363703,"Builtin:FunctionCall"
snapshot-pos,0x17b75f5286a0,363703
snapshot-code-name,364194,"Builtin:FunctionApply"
snapshot-pos,0x17b75f528880,364194
snapshot-code-name,364682,"Builtin:ArrayCode"
snapshot-pos,0x17b75f528a60,364682
snapshot-code-name,365457,"Builtin:ArrayConstructCode"
snapshot-pos,0x17b75f528d80,365457
snapshot-code-name,366230,"Builtin:StringConstructCode"
snapshot-pos,0x17b75f5290a0,366230
snapshot-code-name,366805,"Builtin:OnStackReplacement"
snapshot-pos,0x17b75f529340,366805
snapshot-code-name,367764,"Builtin:ConstructCall_DebugBreak"
snapshot-pos,0x17b75f5297a0,367764
snapshot-code-name,367953,"Builtin:StubNoRegisters_DebugBreak"
snapshot-pos,0x17b75f529860,367953
snapshot-code-name,368075,"Builtin:LoadIC_DebugBreak"
snapshot-pos,0x17b75f5298e0,368075
snapshot-code-name,368229,"Builtin:KeyedLoadIC_DebugBreak"
snapshot-pos,0x17b75f529980,368229
snapshot-code-name,368383,"Builtin:StoreIC_DebugBreak"
snapshot-pos,0x17b75f529a20,368383
snapshot-code-name,368540,"Builtin:KeyedStoreIC_DebugBreak"
snapshot-pos,0x17b75f529ac0,368540
snapshot-code-name,368700,"Builtin:PlainReturn_LiveEdit"
snapshot-pos,0x17b75f529c00,368700
snapshot-code-name,368796,"Builtin:FrameDropper_LiveEdit"
snapshot-pos,0x17b75f529c60,368796
